[2024-02-16T21:40:00.262+0000] {manager.py:469} INFO - Processing files using up to 1 processes at a time 
[2024-02-16T21:40:00.264+0000] {manager.py:470} INFO - Process each file at most once every 30 seconds
[2024-02-16T21:40:00.265+0000] {manager.py:471} INFO - Checking for new files in /opt/airflow/dags every 300 seconds
[2024-02-16T21:40:00.268+0000] {manager.py:738} INFO - Searching for files in /opt/airflow/dags
[2024-02-16T21:40:00.279+0000] {manager.py:741} INFO - There are 0 files in /opt/airflow/dags
[2024-02-16T21:45:00.481+0000] {manager.py:738} INFO - Searching for files in /opt/airflow/dags
[2024-02-16T21:45:00.483+0000] {manager.py:741} INFO - There are 0 files in /opt/airflow/dags
[2024-02-16T21:50:00.917+0000] {manager.py:738} INFO - Searching for files in /opt/airflow/dags
[2024-02-16T21:50:00.918+0000] {manager.py:741} INFO - There are 0 files in /opt/airflow/dags
[2024-02-16T21:55:01.276+0000] {manager.py:738} INFO - Searching for files in /opt/airflow/dags
[2024-02-16T21:55:01.277+0000] {manager.py:741} INFO - There are 0 files in /opt/airflow/dags
[2024-02-16T22:00:01.859+0000] {manager.py:738} INFO - Searching for files in /opt/airflow/dags
[2024-02-16T22:00:01.872+0000] {manager.py:741} INFO - There are 1 files in /opt/airflow/dags
[2024-02-16T22:00:15.592+0000] {manager.py:879} INFO - 
================================================================================
DAG File Processing Stats

File Path                         PID    Runtime      # DAGs    # Errors  Last Runtime    Last Run
--------------------------------  -----  ---------  --------  ----------  --------------  -------------------
/opt/airflow/dags/welcome_dag.py                           1           0  0.71s           2024-02-16T22:00:02
================================================================================
[2024-02-16T22:00:45.908+0000] {manager.py:879} INFO - 
================================================================================
DAG File Processing Stats

File Path                         PID    Runtime      # DAGs    # Errors  Last Runtime    Last Run
--------------------------------  -----  ---------  --------  ----------  --------------  -------------------
/opt/airflow/dags/welcome_dag.py                           1           0  0.41s           2024-02-16T22:00:33
================================================================================
[2024-02-16T22:01:16.096+0000] {manager.py:879} INFO - 
================================================================================
DAG File Processing Stats

File Path                         PID    Runtime      # DAGs    # Errors  Last Runtime    Last Run
--------------------------------  -----  ---------  --------  ----------  --------------  -------------------
/opt/airflow/dags/welcome_dag.py                           1           0  0.20s           2024-02-16T22:01:05
================================================================================
[2024-02-16T22:01:47.044+0000] {manager.py:879} INFO - 
================================================================================
DAG File Processing Stats

File Path                         PID    Runtime      # DAGs    # Errors  Last Runtime    Last Run
--------------------------------  -----  ---------  --------  ----------  --------------  -------------------
/opt/airflow/dags/welcome_dag.py                           1           0  0.31s           2024-02-16T22:01:36
================================================================================
[2024-02-16T22:02:17.427+0000] {manager.py:879} INFO - 
================================================================================
DAG File Processing Stats

File Path                         PID    Runtime      # DAGs    # Errors  Last Runtime    Last Run
--------------------------------  -----  ---------  --------  ----------  --------------  -------------------
/opt/airflow/dags/welcome_dag.py                           1           0  0.41s           2024-02-16T22:02:07
================================================================================
[2024-02-16T22:02:48.361+0000] {manager.py:879} INFO - 
================================================================================
DAG File Processing Stats

File Path                         PID    Runtime      # DAGs    # Errors  Last Runtime    Last Run
--------------------------------  -----  ---------  --------  ----------  --------------  -------------------
/opt/airflow/dags/welcome_dag.py                           1           0  1.03s           2024-02-16T22:02:38
================================================================================
[2024-02-16T22:03:18.449+0000] {manager.py:879} INFO - 
================================================================================
DAG File Processing Stats

File Path                         PID    Runtime      # DAGs    # Errors  Last Runtime    Last Run
--------------------------------  -----  ---------  --------  ----------  --------------  -------------------
/opt/airflow/dags/welcome_dag.py                           1           0  0.41s           2024-02-16T22:03:09
================================================================================
[2024-02-16T22:03:49.406+0000] {manager.py:879} INFO - 
================================================================================
DAG File Processing Stats

File Path                         PID    Runtime      # DAGs    # Errors  Last Runtime    Last Run
--------------------------------  -----  ---------  --------  ----------  --------------  -------------------
/opt/airflow/dags/welcome_dag.py                           1           0  0.20s           2024-02-16T22:03:40
================================================================================
[2024-02-16T22:04:20.328+0000] {manager.py:879} INFO - 
================================================================================
DAG File Processing Stats

File Path                         PID    Runtime      # DAGs    # Errors  Last Runtime    Last Run
--------------------------------  -----  ---------  --------  ----------  --------------  -------------------
/opt/airflow/dags/welcome_dag.py                           1           0  0.21s           2024-02-16T22:04:11
================================================================================
[2024-02-16T22:04:51.279+0000] {manager.py:879} INFO - 
================================================================================
DAG File Processing Stats

File Path                         PID    Runtime      # DAGs    # Errors  Last Runtime    Last Run
--------------------------------  -----  ---------  --------  ----------  --------------  -------------------
/opt/airflow/dags/welcome_dag.py                           1           0  0.31s           2024-02-16T22:04:41
================================================================================
[2024-02-16T22:05:02.051+0000] {manager.py:738} INFO - Searching for files in /opt/airflow/dags
[2024-02-16T22:05:02.101+0000] {manager.py:741} INFO - There are 2 files in /opt/airflow/dags
[2024-02-16T22:05:21.291+0000] {manager.py:879} INFO - 
================================================================================
DAG File Processing Stats

File Path                                   PID    Runtime      # DAGs    # Errors  Last Runtime    Last Run
------------------------------------------  -----  ---------  --------  ----------  --------------  -------------------
/opt/airflow/dags/ELT_automated_airflow.py                           1           0  0.61s           2024-02-16T22:05:02
/opt/airflow/dags/welcome_dag.py                                     1           0  0.30s           2024-02-16T22:05:12
================================================================================
[2024-02-16T22:05:51.374+0000] {manager.py:879} INFO - 
================================================================================
DAG File Processing Stats

File Path                                   PID    Runtime      # DAGs    # Errors  Last Runtime    Last Run
------------------------------------------  -----  ---------  --------  ----------  --------------  -------------------
/opt/airflow/dags/ELT_automated_airflow.py                           1           0  0.30s           2024-02-16T22:05:33
/opt/airflow/dags/welcome_dag.py                                     1           0  0.21s           2024-02-16T22:05:43
================================================================================
[2024-02-16T22:06:21.562+0000] {manager.py:879} INFO - 
================================================================================
DAG File Processing Stats

File Path                                   PID    Runtime      # DAGs    # Errors  Last Runtime    Last Run
------------------------------------------  -----  ---------  --------  ----------  --------------  -------------------
/opt/airflow/dags/ELT_automated_airflow.py                           1           0  0.20s           2024-02-16T22:06:03
/opt/airflow/dags/welcome_dag.py                                     1           0  0.21s           2024-02-16T22:06:14
================================================================================
[2024-02-16T22:06:52.382+0000] {manager.py:879} INFO - 
================================================================================
DAG File Processing Stats

File Path                                   PID    Runtime      # DAGs    # Errors  Last Runtime    Last Run
------------------------------------------  -----  ---------  --------  ----------  --------------  -------------------
/opt/airflow/dags/ELT_automated_airflow.py                           0           1  0.20s           2024-02-16T22:06:28
/opt/airflow/dags/welcome_dag.py                                     1           0  0.31s           2024-02-16T22:06:24
================================================================================
[2024-02-16T22:07:23.181+0000] {manager.py:879} INFO - 
================================================================================
DAG File Processing Stats

File Path                                   PID    Runtime      # DAGs    # Errors  Last Runtime    Last Run
------------------------------------------  -----  ---------  --------  ----------  --------------  -------------------
/opt/airflow/dags/ELT_automated_airflow.py                           0           1  0.20s           2024-02-16T22:06:58
/opt/airflow/dags/welcome_dag.py                                     1           0  0.30s           2024-02-16T22:06:55
================================================================================
