[2024-02-16T22:00:01.965+0000] {processor.py:161} INFO - Started process (PID=137) to work on /opt/airflow/dags/welcome_dag.py
[2024-02-16T22:00:01.967+0000] {processor.py:830} INFO - Processing file /opt/airflow/dags/welcome_dag.py for tasks to queue
[2024-02-16T22:00:01.975+0000] {logging_mixin.py:188} INFO - [2024-02-16T22:00:01.968+0000] {dagbag.py:538} INFO - Filling up the DagBag from /opt/airflow/dags/welcome_dag.py
[2024-02-16T22:00:02.045+0000] {processor.py:840} INFO - DAG(s) 'welcome_dag' retrieved from /opt/airflow/dags/welcome_dag.py
[2024-02-16T22:00:02.276+0000] {logging_mixin.py:188} INFO - [2024-02-16T22:00:02.275+0000] {override.py:1769} INFO - Created Permission View: can read on DAG:welcome_dag
[2024-02-16T22:00:02.328+0000] {logging_mixin.py:188} INFO - [2024-02-16T22:00:02.327+0000] {override.py:1769} INFO - Created Permission View: can edit on DAG:welcome_dag
[2024-02-16T22:00:02.378+0000] {logging_mixin.py:188} INFO - [2024-02-16T22:00:02.377+0000] {override.py:1769} INFO - Created Permission View: can delete on DAG:welcome_dag
[2024-02-16T22:00:02.379+0000] {logging_mixin.py:188} INFO - [2024-02-16T22:00:02.379+0000] {dag.py:3036} INFO - Sync 1 DAGs
[2024-02-16T22:00:02.420+0000] {logging_mixin.py:188} INFO - [2024-02-16T22:00:02.419+0000] {dag.py:3058} INFO - Creating ORM DAG for welcome_dag
[2024-02-16T22:00:02.444+0000] {logging_mixin.py:188} INFO - [2024-02-16T22:00:02.444+0000] {dag.py:3823} INFO - Setting next_dagrun for welcome_dag to 2024-02-15 23:00:00+00:00, run_after=2024-02-16 23:00:00+00:00
[2024-02-16T22:00:02.542+0000] {processor.py:183} INFO - Processing /opt/airflow/dags/welcome_dag.py took 0.583 seconds
[2024-02-16T22:00:33.489+0000] {processor.py:161} INFO - Started process (PID=138) to work on /opt/airflow/dags/welcome_dag.py
[2024-02-16T22:00:33.491+0000] {processor.py:830} INFO - Processing file /opt/airflow/dags/welcome_dag.py for tasks to queue
[2024-02-16T22:00:33.492+0000] {logging_mixin.py:188} INFO - [2024-02-16T22:00:33.492+0000] {dagbag.py:538} INFO - Filling up the DagBag from /opt/airflow/dags/welcome_dag.py
[2024-02-16T22:00:33.535+0000] {processor.py:840} INFO - DAG(s) 'welcome_dag' retrieved from /opt/airflow/dags/welcome_dag.py
[2024-02-16T22:00:33.582+0000] {logging_mixin.py:188} INFO - [2024-02-16T22:00:33.581+0000] {dag.py:3036} INFO - Sync 1 DAGs
[2024-02-16T22:00:33.633+0000] {logging_mixin.py:188} INFO - [2024-02-16T22:00:33.632+0000] {dag.py:3823} INFO - Setting next_dagrun for welcome_dag to 2024-02-15 23:00:00+00:00, run_after=2024-02-16 23:00:00+00:00
[2024-02-16T22:00:33.774+0000] {processor.py:183} INFO - Processing /opt/airflow/dags/welcome_dag.py took 0.290 seconds
[2024-02-16T22:01:04.976+0000] {processor.py:161} INFO - Started process (PID=139) to work on /opt/airflow/dags/welcome_dag.py
[2024-02-16T22:01:04.977+0000] {processor.py:830} INFO - Processing file /opt/airflow/dags/welcome_dag.py for tasks to queue
[2024-02-16T22:01:04.978+0000] {logging_mixin.py:188} INFO - [2024-02-16T22:01:04.978+0000] {dagbag.py:538} INFO - Filling up the DagBag from /opt/airflow/dags/welcome_dag.py
[2024-02-16T22:01:05.010+0000] {processor.py:840} INFO - DAG(s) 'welcome_dag' retrieved from /opt/airflow/dags/welcome_dag.py
[2024-02-16T22:01:05.046+0000] {logging_mixin.py:188} INFO - [2024-02-16T22:01:05.046+0000] {dag.py:3036} INFO - Sync 1 DAGs
[2024-02-16T22:01:05.079+0000] {logging_mixin.py:188} INFO - [2024-02-16T22:01:05.079+0000] {dag.py:3823} INFO - Setting next_dagrun for welcome_dag to 2024-02-15 23:00:00+00:00, run_after=2024-02-16 23:00:00+00:00
[2024-02-16T22:01:05.148+0000] {processor.py:183} INFO - Processing /opt/airflow/dags/welcome_dag.py took 0.176 seconds
[2024-02-16T22:01:35.790+0000] {processor.py:161} INFO - Started process (PID=140) to work on /opt/airflow/dags/welcome_dag.py
[2024-02-16T22:01:35.791+0000] {processor.py:830} INFO - Processing file /opt/airflow/dags/welcome_dag.py for tasks to queue
[2024-02-16T22:01:35.793+0000] {logging_mixin.py:188} INFO - [2024-02-16T22:01:35.793+0000] {dagbag.py:538} INFO - Filling up the DagBag from /opt/airflow/dags/welcome_dag.py
[2024-02-16T22:01:35.841+0000] {processor.py:840} INFO - DAG(s) 'welcome_dag' retrieved from /opt/airflow/dags/welcome_dag.py
[2024-02-16T22:01:35.888+0000] {logging_mixin.py:188} INFO - [2024-02-16T22:01:35.887+0000] {dag.py:3036} INFO - Sync 1 DAGs
[2024-02-16T22:01:35.928+0000] {logging_mixin.py:188} INFO - [2024-02-16T22:01:35.928+0000] {dag.py:3823} INFO - Setting next_dagrun for welcome_dag to 2024-02-15 23:00:00+00:00, run_after=2024-02-16 23:00:00+00:00
[2024-02-16T22:01:36.016+0000] {processor.py:183} INFO - Processing /opt/airflow/dags/welcome_dag.py took 0.230 seconds
[2024-02-16T22:02:06.729+0000] {processor.py:161} INFO - Started process (PID=141) to work on /opt/airflow/dags/welcome_dag.py
[2024-02-16T22:02:06.733+0000] {processor.py:830} INFO - Processing file /opt/airflow/dags/welcome_dag.py for tasks to queue
[2024-02-16T22:02:06.735+0000] {logging_mixin.py:188} INFO - [2024-02-16T22:02:06.734+0000] {dagbag.py:538} INFO - Filling up the DagBag from /opt/airflow/dags/welcome_dag.py
[2024-02-16T22:02:06.792+0000] {processor.py:840} INFO - DAG(s) 'welcome_dag' retrieved from /opt/airflow/dags/welcome_dag.py
[2024-02-16T22:02:06.855+0000] {logging_mixin.py:188} INFO - [2024-02-16T22:02:06.854+0000] {dag.py:3036} INFO - Sync 1 DAGs
[2024-02-16T22:02:06.913+0000] {logging_mixin.py:188} INFO - [2024-02-16T22:02:06.913+0000] {dag.py:3823} INFO - Setting next_dagrun for welcome_dag to 2024-02-15 23:00:00+00:00, run_after=2024-02-16 23:00:00+00:00
[2024-02-16T22:02:07.029+0000] {processor.py:183} INFO - Processing /opt/airflow/dags/welcome_dag.py took 0.305 seconds
[2024-02-16T22:02:37.713+0000] {processor.py:161} INFO - Started process (PID=143) to work on /opt/airflow/dags/welcome_dag.py
[2024-02-16T22:02:37.716+0000] {processor.py:830} INFO - Processing file /opt/airflow/dags/welcome_dag.py for tasks to queue
[2024-02-16T22:02:37.719+0000] {logging_mixin.py:188} INFO - [2024-02-16T22:02:37.719+0000] {dagbag.py:538} INFO - Filling up the DagBag from /opt/airflow/dags/welcome_dag.py
[2024-02-16T22:02:37.821+0000] {processor.py:840} INFO - DAG(s) 'welcome_dag' retrieved from /opt/airflow/dags/welcome_dag.py
[2024-02-16T22:02:37.940+0000] {logging_mixin.py:188} INFO - [2024-02-16T22:02:37.939+0000] {dag.py:3036} INFO - Sync 1 DAGs
[2024-02-16T22:02:38.083+0000] {logging_mixin.py:188} INFO - [2024-02-16T22:02:38.083+0000] {dag.py:3823} INFO - Setting next_dagrun for welcome_dag to 2024-02-15 23:00:00+00:00, run_after=2024-02-16 23:00:00+00:00
[2024-02-16T22:02:38.642+0000] {processor.py:183} INFO - Processing /opt/airflow/dags/welcome_dag.py took 0.937 seconds
[2024-02-16T22:03:09.350+0000] {processor.py:161} INFO - Started process (PID=144) to work on /opt/airflow/dags/welcome_dag.py
[2024-02-16T22:03:09.352+0000] {processor.py:830} INFO - Processing file /opt/airflow/dags/welcome_dag.py for tasks to queue
[2024-02-16T22:03:09.354+0000] {logging_mixin.py:188} INFO - [2024-02-16T22:03:09.354+0000] {dagbag.py:538} INFO - Filling up the DagBag from /opt/airflow/dags/welcome_dag.py
[2024-02-16T22:03:09.461+0000] {processor.py:840} INFO - DAG(s) 'welcome_dag' retrieved from /opt/airflow/dags/welcome_dag.py
[2024-02-16T22:03:09.577+0000] {logging_mixin.py:188} INFO - [2024-02-16T22:03:09.577+0000] {dag.py:3036} INFO - Sync 1 DAGs
[2024-02-16T22:03:09.620+0000] {logging_mixin.py:188} INFO - [2024-02-16T22:03:09.619+0000] {dag.py:3823} INFO - Setting next_dagrun for welcome_dag to 2024-02-15 23:00:00+00:00, run_after=2024-02-16 23:00:00+00:00
[2024-02-16T22:03:09.708+0000] {processor.py:183} INFO - Processing /opt/airflow/dags/welcome_dag.py took 0.366 seconds
[2024-02-16T22:03:40.055+0000] {processor.py:161} INFO - Started process (PID=145) to work on /opt/airflow/dags/welcome_dag.py
[2024-02-16T22:03:40.056+0000] {processor.py:830} INFO - Processing file /opt/airflow/dags/welcome_dag.py for tasks to queue
[2024-02-16T22:03:40.057+0000] {logging_mixin.py:188} INFO - [2024-02-16T22:03:40.057+0000] {dagbag.py:538} INFO - Filling up the DagBag from /opt/airflow/dags/welcome_dag.py
[2024-02-16T22:03:40.088+0000] {processor.py:840} INFO - DAG(s) 'welcome_dag' retrieved from /opt/airflow/dags/welcome_dag.py
[2024-02-16T22:03:40.119+0000] {logging_mixin.py:188} INFO - [2024-02-16T22:03:40.118+0000] {dag.py:3036} INFO - Sync 1 DAGs
[2024-02-16T22:03:40.147+0000] {logging_mixin.py:188} INFO - [2024-02-16T22:03:40.146+0000] {dag.py:3823} INFO - Setting next_dagrun for welcome_dag to 2024-02-15 23:00:00+00:00, run_after=2024-02-16 23:00:00+00:00
[2024-02-16T22:03:40.204+0000] {processor.py:183} INFO - Processing /opt/airflow/dags/welcome_dag.py took 0.153 seconds
[2024-02-16T22:04:10.983+0000] {processor.py:161} INFO - Started process (PID=146) to work on /opt/airflow/dags/welcome_dag.py
[2024-02-16T22:04:10.984+0000] {processor.py:830} INFO - Processing file /opt/airflow/dags/welcome_dag.py for tasks to queue
[2024-02-16T22:04:10.986+0000] {logging_mixin.py:188} INFO - [2024-02-16T22:04:10.985+0000] {dagbag.py:538} INFO - Filling up the DagBag from /opt/airflow/dags/welcome_dag.py
[2024-02-16T22:04:11.014+0000] {processor.py:840} INFO - DAG(s) 'welcome_dag' retrieved from /opt/airflow/dags/welcome_dag.py
[2024-02-16T22:04:11.045+0000] {logging_mixin.py:188} INFO - [2024-02-16T22:04:11.044+0000] {dag.py:3036} INFO - Sync 1 DAGs
[2024-02-16T22:04:11.076+0000] {logging_mixin.py:188} INFO - [2024-02-16T22:04:11.076+0000] {dag.py:3823} INFO - Setting next_dagrun for welcome_dag to 2024-02-15 23:00:00+00:00, run_after=2024-02-16 23:00:00+00:00
[2024-02-16T22:04:11.166+0000] {processor.py:183} INFO - Processing /opt/airflow/dags/welcome_dag.py took 0.186 seconds
[2024-02-16T22:04:41.512+0000] {processor.py:161} INFO - Started process (PID=147) to work on /opt/airflow/dags/welcome_dag.py
[2024-02-16T22:04:41.513+0000] {processor.py:830} INFO - Processing file /opt/airflow/dags/welcome_dag.py for tasks to queue
[2024-02-16T22:04:41.514+0000] {logging_mixin.py:188} INFO - [2024-02-16T22:04:41.514+0000] {dagbag.py:538} INFO - Filling up the DagBag from /opt/airflow/dags/welcome_dag.py
[2024-02-16T22:04:41.545+0000] {processor.py:840} INFO - DAG(s) 'welcome_dag' retrieved from /opt/airflow/dags/welcome_dag.py
[2024-02-16T22:04:41.592+0000] {logging_mixin.py:188} INFO - [2024-02-16T22:04:41.591+0000] {dag.py:3036} INFO - Sync 1 DAGs
[2024-02-16T22:04:41.628+0000] {logging_mixin.py:188} INFO - [2024-02-16T22:04:41.628+0000] {dag.py:3823} INFO - Setting next_dagrun for welcome_dag to 2024-02-15 23:00:00+00:00, run_after=2024-02-16 23:00:00+00:00
[2024-02-16T22:04:41.704+0000] {processor.py:183} INFO - Processing /opt/airflow/dags/welcome_dag.py took 0.195 seconds
[2024-02-16T22:05:12.175+0000] {processor.py:161} INFO - Started process (PID=149) to work on /opt/airflow/dags/welcome_dag.py
[2024-02-16T22:05:12.177+0000] {processor.py:830} INFO - Processing file /opt/airflow/dags/welcome_dag.py for tasks to queue
[2024-02-16T22:05:12.179+0000] {logging_mixin.py:188} INFO - [2024-02-16T22:05:12.178+0000] {dagbag.py:538} INFO - Filling up the DagBag from /opt/airflow/dags/welcome_dag.py
[2024-02-16T22:05:12.219+0000] {processor.py:840} INFO - DAG(s) 'welcome_dag' retrieved from /opt/airflow/dags/welcome_dag.py
[2024-02-16T22:05:12.257+0000] {logging_mixin.py:188} INFO - [2024-02-16T22:05:12.257+0000] {dag.py:3036} INFO - Sync 1 DAGs
[2024-02-16T22:05:12.295+0000] {logging_mixin.py:188} INFO - [2024-02-16T22:05:12.295+0000] {dag.py:3823} INFO - Setting next_dagrun for welcome_dag to 2024-02-15 23:00:00+00:00, run_after=2024-02-16 23:00:00+00:00
[2024-02-16T22:05:12.397+0000] {processor.py:183} INFO - Processing /opt/airflow/dags/welcome_dag.py took 0.225 seconds
[2024-02-16T22:05:43.031+0000] {processor.py:161} INFO - Started process (PID=151) to work on /opt/airflow/dags/welcome_dag.py
[2024-02-16T22:05:43.033+0000] {processor.py:830} INFO - Processing file /opt/airflow/dags/welcome_dag.py for tasks to queue
[2024-02-16T22:05:43.034+0000] {logging_mixin.py:188} INFO - [2024-02-16T22:05:43.033+0000] {dagbag.py:538} INFO - Filling up the DagBag from /opt/airflow/dags/welcome_dag.py
[2024-02-16T22:05:43.068+0000] {processor.py:840} INFO - DAG(s) 'welcome_dag' retrieved from /opt/airflow/dags/welcome_dag.py
[2024-02-16T22:05:43.114+0000] {logging_mixin.py:188} INFO - [2024-02-16T22:05:43.114+0000] {dag.py:3036} INFO - Sync 1 DAGs
[2024-02-16T22:05:43.144+0000] {logging_mixin.py:188} INFO - [2024-02-16T22:05:43.144+0000] {dag.py:3823} INFO - Setting next_dagrun for welcome_dag to 2024-02-15 23:00:00+00:00, run_after=2024-02-16 23:00:00+00:00
[2024-02-16T22:05:43.210+0000] {processor.py:183} INFO - Processing /opt/airflow/dags/welcome_dag.py took 0.182 seconds
[2024-02-16T22:06:13.929+0000] {processor.py:161} INFO - Started process (PID=153) to work on /opt/airflow/dags/welcome_dag.py
[2024-02-16T22:06:13.930+0000] {processor.py:830} INFO - Processing file /opt/airflow/dags/welcome_dag.py for tasks to queue
[2024-02-16T22:06:13.931+0000] {logging_mixin.py:188} INFO - [2024-02-16T22:06:13.930+0000] {dagbag.py:538} INFO - Filling up the DagBag from /opt/airflow/dags/welcome_dag.py
[2024-02-16T22:06:13.957+0000] {processor.py:840} INFO - DAG(s) 'welcome_dag' retrieved from /opt/airflow/dags/welcome_dag.py
[2024-02-16T22:06:13.985+0000] {logging_mixin.py:188} INFO - [2024-02-16T22:06:13.985+0000] {dag.py:3036} INFO - Sync 1 DAGs
[2024-02-16T22:06:14.011+0000] {logging_mixin.py:188} INFO - [2024-02-16T22:06:14.011+0000] {dag.py:3823} INFO - Setting next_dagrun for welcome_dag to 2024-02-15 23:00:00+00:00, run_after=2024-02-16 23:00:00+00:00
[2024-02-16T22:06:14.075+0000] {processor.py:183} INFO - Processing /opt/airflow/dags/welcome_dag.py took 0.150 seconds
[2024-02-16T22:06:24.260+0000] {processor.py:161} INFO - Started process (PID=154) to work on /opt/airflow/dags/welcome_dag.py
[2024-02-16T22:06:24.262+0000] {processor.py:830} INFO - Processing file /opt/airflow/dags/welcome_dag.py for tasks to queue
[2024-02-16T22:06:24.263+0000] {logging_mixin.py:188} INFO - [2024-02-16T22:06:24.262+0000] {dagbag.py:538} INFO - Filling up the DagBag from /opt/airflow/dags/welcome_dag.py
[2024-02-16T22:06:24.321+0000] {processor.py:840} INFO - DAG(s) 'welcome_dag' retrieved from /opt/airflow/dags/welcome_dag.py
[2024-02-16T22:06:24.364+0000] {logging_mixin.py:188} INFO - [2024-02-16T22:06:24.363+0000] {dag.py:3036} INFO - Sync 1 DAGs
[2024-02-16T22:06:24.394+0000] {logging_mixin.py:188} INFO - [2024-02-16T22:06:24.393+0000] {dag.py:3823} INFO - Setting next_dagrun for welcome_dag to 2024-02-15 23:00:00+00:00, run_after=2024-02-16 23:00:00+00:00
[2024-02-16T22:06:24.471+0000] {processor.py:183} INFO - Processing /opt/airflow/dags/welcome_dag.py took 0.215 seconds
[2024-02-16T22:06:54.869+0000] {processor.py:161} INFO - Started process (PID=157) to work on /opt/airflow/dags/welcome_dag.py
[2024-02-16T22:06:54.870+0000] {processor.py:830} INFO - Processing file /opt/airflow/dags/welcome_dag.py for tasks to queue
[2024-02-16T22:06:54.871+0000] {logging_mixin.py:188} INFO - [2024-02-16T22:06:54.871+0000] {dagbag.py:538} INFO - Filling up the DagBag from /opt/airflow/dags/welcome_dag.py
[2024-02-16T22:06:54.902+0000] {processor.py:840} INFO - DAG(s) 'welcome_dag' retrieved from /opt/airflow/dags/welcome_dag.py
[2024-02-16T22:06:54.935+0000] {logging_mixin.py:188} INFO - [2024-02-16T22:06:54.934+0000] {dag.py:3036} INFO - Sync 1 DAGs
[2024-02-16T22:06:54.967+0000] {logging_mixin.py:188} INFO - [2024-02-16T22:06:54.967+0000] {dag.py:3823} INFO - Setting next_dagrun for welcome_dag to 2024-02-15 23:00:00+00:00, run_after=2024-02-16 23:00:00+00:00
[2024-02-16T22:06:55.059+0000] {processor.py:183} INFO - Processing /opt/airflow/dags/welcome_dag.py took 0.193 seconds
