[2024-02-18T16:44:04.415+0000] {processor.py:161} INFO - Started process (PID=3087) to work on /opt/airflow/dags/ETL_automated_airflow.py
[2024-02-18T16:44:04.418+0000] {processor.py:830} INFO - Processing file /opt/airflow/dags/ETL_automated_airflow.py for tasks to queue
[2024-02-18T16:44:04.421+0000] {logging_mixin.py:188} INFO - [2024-02-18T16:44:04.420+0000] {dagbag.py:538} INFO - Filling up the DagBag from /opt/airflow/dags/ETL_automated_airflow.py
[2024-02-18T16:44:06.479+0000] {processor.py:840} INFO - DAG(s) 'ETL_pipeline' retrieved from /opt/airflow/dags/ETL_automated_airflow.py
[2024-02-18T16:44:06.814+0000] {logging_mixin.py:188} INFO - [2024-02-18T16:44:06.812+0000] {override.py:1769} INFO - Created Permission View: can delete on DAG:ETL_pipeline
[2024-02-18T16:44:06.935+0000] {logging_mixin.py:188} INFO - [2024-02-18T16:44:06.935+0000] {override.py:1769} INFO - Created Permission View: can edit on DAG:ETL_pipeline
[2024-02-18T16:44:07.021+0000] {logging_mixin.py:188} INFO - [2024-02-18T16:44:07.019+0000] {override.py:1769} INFO - Created Permission View: can read on DAG:ETL_pipeline
[2024-02-18T16:44:07.023+0000] {logging_mixin.py:188} INFO - [2024-02-18T16:44:07.022+0000] {dag.py:3036} INFO - Sync 1 DAGs
[2024-02-18T16:44:07.110+0000] {logging_mixin.py:188} INFO - [2024-02-18T16:44:07.109+0000] {dag.py:3058} INFO - Creating ORM DAG for ETL_pipeline
[2024-02-18T16:44:07.149+0000] {logging_mixin.py:188} INFO - [2024-02-18T16:44:07.149+0000] {dag.py:3823} INFO - Setting next_dagrun for ETL_pipeline to 2023-02-16 00:00:00+00:00, run_after=2023-02-17 00:00:00+00:00
[2024-02-18T16:44:07.392+0000] {processor.py:183} INFO - Processing /opt/airflow/dags/ETL_automated_airflow.py took 2.991 seconds
[2024-02-18T16:44:37.616+0000] {processor.py:161} INFO - Started process (PID=3091) to work on /opt/airflow/dags/ETL_automated_airflow.py
[2024-02-18T16:44:37.618+0000] {processor.py:830} INFO - Processing file /opt/airflow/dags/ETL_automated_airflow.py for tasks to queue
[2024-02-18T16:44:37.619+0000] {logging_mixin.py:188} INFO - [2024-02-18T16:44:37.619+0000] {dagbag.py:538} INFO - Filling up the DagBag from /opt/airflow/dags/ETL_automated_airflow.py
[2024-02-18T16:44:38.011+0000] {processor.py:840} INFO - DAG(s) 'ETL_pipeline' retrieved from /opt/airflow/dags/ETL_automated_airflow.py
[2024-02-18T16:44:38.054+0000] {logging_mixin.py:188} INFO - [2024-02-18T16:44:38.053+0000] {dag.py:3036} INFO - Sync 1 DAGs
[2024-02-18T16:44:38.087+0000] {logging_mixin.py:188} INFO - [2024-02-18T16:44:38.087+0000] {dag.py:3823} INFO - Setting next_dagrun for ETL_pipeline to 2023-02-16 00:00:00+00:00, run_after=2023-02-17 00:00:00+00:00
[2024-02-18T16:44:38.167+0000] {processor.py:183} INFO - Processing /opt/airflow/dags/ETL_automated_airflow.py took 0.554 seconds
[2024-02-18T16:45:08.373+0000] {processor.py:161} INFO - Started process (PID=3095) to work on /opt/airflow/dags/ETL_automated_airflow.py
[2024-02-18T16:45:08.374+0000] {processor.py:830} INFO - Processing file /opt/airflow/dags/ETL_automated_airflow.py for tasks to queue
[2024-02-18T16:45:08.375+0000] {logging_mixin.py:188} INFO - [2024-02-18T16:45:08.374+0000] {dagbag.py:538} INFO - Filling up the DagBag from /opt/airflow/dags/ETL_automated_airflow.py
[2024-02-18T16:45:08.638+0000] {processor.py:840} INFO - DAG(s) 'ETL_pipeline' retrieved from /opt/airflow/dags/ETL_automated_airflow.py
[2024-02-18T16:45:08.671+0000] {logging_mixin.py:188} INFO - [2024-02-18T16:45:08.670+0000] {dag.py:3036} INFO - Sync 1 DAGs
[2024-02-18T16:45:08.699+0000] {logging_mixin.py:188} INFO - [2024-02-18T16:45:08.699+0000] {dag.py:3823} INFO - Setting next_dagrun for ETL_pipeline to 2023-02-16 00:00:00+00:00, run_after=2023-02-17 00:00:00+00:00
[2024-02-18T16:45:08.763+0000] {processor.py:183} INFO - Processing /opt/airflow/dags/ETL_automated_airflow.py took 0.393 seconds
[2024-02-18T16:45:39.305+0000] {processor.py:161} INFO - Started process (PID=3099) to work on /opt/airflow/dags/ETL_automated_airflow.py
[2024-02-18T16:45:39.306+0000] {processor.py:830} INFO - Processing file /opt/airflow/dags/ETL_automated_airflow.py for tasks to queue
[2024-02-18T16:45:39.307+0000] {logging_mixin.py:188} INFO - [2024-02-18T16:45:39.307+0000] {dagbag.py:538} INFO - Filling up the DagBag from /opt/airflow/dags/ETL_automated_airflow.py
[2024-02-18T16:45:39.607+0000] {processor.py:840} INFO - DAG(s) 'ETL_pipeline' retrieved from /opt/airflow/dags/ETL_automated_airflow.py
[2024-02-18T16:45:39.639+0000] {logging_mixin.py:188} INFO - [2024-02-18T16:45:39.639+0000] {dag.py:3036} INFO - Sync 1 DAGs
[2024-02-18T16:45:39.670+0000] {logging_mixin.py:188} INFO - [2024-02-18T16:45:39.670+0000] {dag.py:3823} INFO - Setting next_dagrun for ETL_pipeline to 2023-02-16 00:00:00+00:00, run_after=2023-02-17 00:00:00+00:00
[2024-02-18T16:45:39.746+0000] {processor.py:183} INFO - Processing /opt/airflow/dags/ETL_automated_airflow.py took 0.445 seconds
[2024-02-18T16:46:10.437+0000] {processor.py:161} INFO - Started process (PID=3103) to work on /opt/airflow/dags/ETL_automated_airflow.py
[2024-02-18T16:46:10.438+0000] {processor.py:830} INFO - Processing file /opt/airflow/dags/ETL_automated_airflow.py for tasks to queue
[2024-02-18T16:46:10.439+0000] {logging_mixin.py:188} INFO - [2024-02-18T16:46:10.439+0000] {dagbag.py:538} INFO - Filling up the DagBag from /opt/airflow/dags/ETL_automated_airflow.py
[2024-02-18T16:46:10.813+0000] {processor.py:840} INFO - DAG(s) 'ETL_pipeline' retrieved from /opt/airflow/dags/ETL_automated_airflow.py
[2024-02-18T16:46:10.854+0000] {logging_mixin.py:188} INFO - [2024-02-18T16:46:10.854+0000] {dag.py:3036} INFO - Sync 1 DAGs
[2024-02-18T16:46:10.891+0000] {logging_mixin.py:188} INFO - [2024-02-18T16:46:10.891+0000] {dag.py:3823} INFO - Setting next_dagrun for ETL_pipeline to 2023-02-16 00:00:00+00:00, run_after=2023-02-17 00:00:00+00:00
[2024-02-18T16:46:10.977+0000] {processor.py:183} INFO - Processing /opt/airflow/dags/ETL_automated_airflow.py took 0.543 seconds
[2024-02-18T16:46:41.557+0000] {processor.py:161} INFO - Started process (PID=3107) to work on /opt/airflow/dags/ETL_automated_airflow.py
[2024-02-18T16:46:41.558+0000] {processor.py:830} INFO - Processing file /opt/airflow/dags/ETL_automated_airflow.py for tasks to queue
[2024-02-18T16:46:41.560+0000] {logging_mixin.py:188} INFO - [2024-02-18T16:46:41.559+0000] {dagbag.py:538} INFO - Filling up the DagBag from /opt/airflow/dags/ETL_automated_airflow.py
[2024-02-18T16:46:42.250+0000] {processor.py:840} INFO - DAG(s) 'ETL_pipeline' retrieved from /opt/airflow/dags/ETL_automated_airflow.py
[2024-02-18T16:46:42.301+0000] {logging_mixin.py:188} INFO - [2024-02-18T16:46:42.300+0000] {dag.py:3036} INFO - Sync 1 DAGs
[2024-02-18T16:46:42.363+0000] {logging_mixin.py:188} INFO - [2024-02-18T16:46:42.363+0000] {dag.py:3823} INFO - Setting next_dagrun for ETL_pipeline to 2023-02-16 00:00:00+00:00, run_after=2023-02-17 00:00:00+00:00
[2024-02-18T16:46:42.537+0000] {processor.py:183} INFO - Processing /opt/airflow/dags/ETL_automated_airflow.py took 0.985 seconds
[2024-02-18T16:47:13.052+0000] {processor.py:161} INFO - Started process (PID=3111) to work on /opt/airflow/dags/ETL_automated_airflow.py
[2024-02-18T16:47:13.054+0000] {processor.py:830} INFO - Processing file /opt/airflow/dags/ETL_automated_airflow.py for tasks to queue
[2024-02-18T16:47:13.055+0000] {logging_mixin.py:188} INFO - [2024-02-18T16:47:13.054+0000] {dagbag.py:538} INFO - Filling up the DagBag from /opt/airflow/dags/ETL_automated_airflow.py
[2024-02-18T16:47:13.373+0000] {processor.py:840} INFO - DAG(s) 'ETL_pipeline' retrieved from /opt/airflow/dags/ETL_automated_airflow.py
[2024-02-18T16:47:13.406+0000] {logging_mixin.py:188} INFO - [2024-02-18T16:47:13.406+0000] {dag.py:3036} INFO - Sync 1 DAGs
[2024-02-18T16:47:13.436+0000] {logging_mixin.py:188} INFO - [2024-02-18T16:47:13.436+0000] {dag.py:3823} INFO - Setting next_dagrun for ETL_pipeline to 2023-02-16 00:00:00+00:00, run_after=2023-02-17 00:00:00+00:00
[2024-02-18T16:47:13.513+0000] {processor.py:183} INFO - Processing /opt/airflow/dags/ETL_automated_airflow.py took 0.463 seconds
[2024-02-18T16:47:43.789+0000] {processor.py:161} INFO - Started process (PID=3115) to work on /opt/airflow/dags/ETL_automated_airflow.py
[2024-02-18T16:47:43.790+0000] {processor.py:830} INFO - Processing file /opt/airflow/dags/ETL_automated_airflow.py for tasks to queue
[2024-02-18T16:47:43.792+0000] {logging_mixin.py:188} INFO - [2024-02-18T16:47:43.791+0000] {dagbag.py:538} INFO - Filling up the DagBag from /opt/airflow/dags/ETL_automated_airflow.py
[2024-02-18T16:47:44.084+0000] {processor.py:840} INFO - DAG(s) 'ETL_pipeline' retrieved from /opt/airflow/dags/ETL_automated_airflow.py
[2024-02-18T16:47:44.116+0000] {logging_mixin.py:188} INFO - [2024-02-18T16:47:44.116+0000] {dag.py:3036} INFO - Sync 1 DAGs
[2024-02-18T16:47:44.147+0000] {logging_mixin.py:188} INFO - [2024-02-18T16:47:44.147+0000] {dag.py:3823} INFO - Setting next_dagrun for ETL_pipeline to 2023-02-16 00:00:00+00:00, run_after=2023-02-17 00:00:00+00:00
[2024-02-18T16:47:44.249+0000] {processor.py:183} INFO - Processing /opt/airflow/dags/ETL_automated_airflow.py took 0.463 seconds
[2024-02-18T16:48:14.528+0000] {processor.py:161} INFO - Started process (PID=3119) to work on /opt/airflow/dags/ETL_automated_airflow.py
[2024-02-18T16:48:14.530+0000] {processor.py:830} INFO - Processing file /opt/airflow/dags/ETL_automated_airflow.py for tasks to queue
[2024-02-18T16:48:14.531+0000] {logging_mixin.py:188} INFO - [2024-02-18T16:48:14.531+0000] {dagbag.py:538} INFO - Filling up the DagBag from /opt/airflow/dags/ETL_automated_airflow.py
[2024-02-18T16:48:14.854+0000] {processor.py:840} INFO - DAG(s) 'ETL_pipeline' retrieved from /opt/airflow/dags/ETL_automated_airflow.py
[2024-02-18T16:48:14.883+0000] {logging_mixin.py:188} INFO - [2024-02-18T16:48:14.883+0000] {dag.py:3036} INFO - Sync 1 DAGs
[2024-02-18T16:48:14.914+0000] {logging_mixin.py:188} INFO - [2024-02-18T16:48:14.914+0000] {dag.py:3823} INFO - Setting next_dagrun for ETL_pipeline to 2023-02-16 00:00:00+00:00, run_after=2023-02-17 00:00:00+00:00
[2024-02-18T16:48:14.984+0000] {processor.py:183} INFO - Processing /opt/airflow/dags/ETL_automated_airflow.py took 0.459 seconds
[2024-02-18T16:48:45.246+0000] {processor.py:161} INFO - Started process (PID=3123) to work on /opt/airflow/dags/ETL_automated_airflow.py
[2024-02-18T16:48:45.248+0000] {processor.py:830} INFO - Processing file /opt/airflow/dags/ETL_automated_airflow.py for tasks to queue
[2024-02-18T16:48:45.249+0000] {logging_mixin.py:188} INFO - [2024-02-18T16:48:45.249+0000] {dagbag.py:538} INFO - Filling up the DagBag from /opt/airflow/dags/ETL_automated_airflow.py
[2024-02-18T16:48:45.614+0000] {processor.py:840} INFO - DAG(s) 'ETL_pipeline' retrieved from /opt/airflow/dags/ETL_automated_airflow.py
[2024-02-18T16:48:45.652+0000] {logging_mixin.py:188} INFO - [2024-02-18T16:48:45.651+0000] {dag.py:3036} INFO - Sync 1 DAGs
[2024-02-18T16:48:45.686+0000] {logging_mixin.py:188} INFO - [2024-02-18T16:48:45.686+0000] {dag.py:3823} INFO - Setting next_dagrun for ETL_pipeline to 2023-02-16 00:00:00+00:00, run_after=2023-02-17 00:00:00+00:00
[2024-02-18T16:48:45.784+0000] {processor.py:183} INFO - Processing /opt/airflow/dags/ETL_automated_airflow.py took 0.542 seconds
[2024-02-18T16:49:16.051+0000] {processor.py:161} INFO - Started process (PID=3127) to work on /opt/airflow/dags/ETL_automated_airflow.py
[2024-02-18T16:49:16.053+0000] {processor.py:830} INFO - Processing file /opt/airflow/dags/ETL_automated_airflow.py for tasks to queue
[2024-02-18T16:49:16.054+0000] {logging_mixin.py:188} INFO - [2024-02-18T16:49:16.054+0000] {dagbag.py:538} INFO - Filling up the DagBag from /opt/airflow/dags/ETL_automated_airflow.py
[2024-02-18T16:49:16.372+0000] {processor.py:840} INFO - DAG(s) 'ETL_pipeline' retrieved from /opt/airflow/dags/ETL_automated_airflow.py
[2024-02-18T16:49:16.407+0000] {logging_mixin.py:188} INFO - [2024-02-18T16:49:16.406+0000] {dag.py:3036} INFO - Sync 1 DAGs
[2024-02-18T16:49:16.439+0000] {logging_mixin.py:188} INFO - [2024-02-18T16:49:16.439+0000] {dag.py:3823} INFO - Setting next_dagrun for ETL_pipeline to 2023-02-16 00:00:00+00:00, run_after=2023-02-17 00:00:00+00:00
[2024-02-18T16:49:16.553+0000] {processor.py:183} INFO - Processing /opt/airflow/dags/ETL_automated_airflow.py took 0.505 seconds
[2024-02-18T16:49:47.088+0000] {processor.py:161} INFO - Started process (PID=3131) to work on /opt/airflow/dags/ETL_automated_airflow.py
[2024-02-18T16:49:47.089+0000] {processor.py:830} INFO - Processing file /opt/airflow/dags/ETL_automated_airflow.py for tasks to queue
[2024-02-18T16:49:47.090+0000] {logging_mixin.py:188} INFO - [2024-02-18T16:49:47.089+0000] {dagbag.py:538} INFO - Filling up the DagBag from /opt/airflow/dags/ETL_automated_airflow.py
[2024-02-18T16:49:47.332+0000] {processor.py:840} INFO - DAG(s) 'ETL_pipeline' retrieved from /opt/airflow/dags/ETL_automated_airflow.py
[2024-02-18T16:49:47.370+0000] {logging_mixin.py:188} INFO - [2024-02-18T16:49:47.369+0000] {dag.py:3036} INFO - Sync 1 DAGs
[2024-02-18T16:49:47.421+0000] {logging_mixin.py:188} INFO - [2024-02-18T16:49:47.421+0000] {dag.py:3823} INFO - Setting next_dagrun for ETL_pipeline to 2023-02-16 00:00:00+00:00, run_after=2023-02-17 00:00:00+00:00
[2024-02-18T16:49:47.495+0000] {processor.py:183} INFO - Processing /opt/airflow/dags/ETL_automated_airflow.py took 0.410 seconds
[2024-02-18T16:50:17.974+0000] {processor.py:161} INFO - Started process (PID=3135) to work on /opt/airflow/dags/ETL_automated_airflow.py
[2024-02-18T16:50:17.975+0000] {processor.py:830} INFO - Processing file /opt/airflow/dags/ETL_automated_airflow.py for tasks to queue
[2024-02-18T16:50:17.977+0000] {logging_mixin.py:188} INFO - [2024-02-18T16:50:17.976+0000] {dagbag.py:538} INFO - Filling up the DagBag from /opt/airflow/dags/ETL_automated_airflow.py
[2024-02-18T16:50:18.387+0000] {processor.py:840} INFO - DAG(s) 'ETL_pipeline' retrieved from /opt/airflow/dags/ETL_automated_airflow.py
[2024-02-18T16:50:18.425+0000] {logging_mixin.py:188} INFO - [2024-02-18T16:50:18.425+0000] {dag.py:3036} INFO - Sync 1 DAGs
[2024-02-18T16:50:18.465+0000] {logging_mixin.py:188} INFO - [2024-02-18T16:50:18.464+0000] {dag.py:3823} INFO - Setting next_dagrun for ETL_pipeline to 2023-02-16 00:00:00+00:00, run_after=2023-02-17 00:00:00+00:00
[2024-02-18T16:50:18.555+0000] {processor.py:183} INFO - Processing /opt/airflow/dags/ETL_automated_airflow.py took 0.585 seconds
[2024-02-18T16:50:48.825+0000] {processor.py:161} INFO - Started process (PID=3139) to work on /opt/airflow/dags/ETL_automated_airflow.py
[2024-02-18T16:50:48.826+0000] {processor.py:830} INFO - Processing file /opt/airflow/dags/ETL_automated_airflow.py for tasks to queue
[2024-02-18T16:50:48.827+0000] {logging_mixin.py:188} INFO - [2024-02-18T16:50:48.827+0000] {dagbag.py:538} INFO - Filling up the DagBag from /opt/airflow/dags/ETL_automated_airflow.py
[2024-02-18T16:50:49.094+0000] {processor.py:840} INFO - DAG(s) 'ETL_pipeline' retrieved from /opt/airflow/dags/ETL_automated_airflow.py
[2024-02-18T16:50:49.123+0000] {logging_mixin.py:188} INFO - [2024-02-18T16:50:49.123+0000] {dag.py:3036} INFO - Sync 1 DAGs
[2024-02-18T16:50:49.151+0000] {logging_mixin.py:188} INFO - [2024-02-18T16:50:49.151+0000] {dag.py:3823} INFO - Setting next_dagrun for ETL_pipeline to 2023-02-16 00:00:00+00:00, run_after=2023-02-17 00:00:00+00:00
[2024-02-18T16:50:49.219+0000] {processor.py:183} INFO - Processing /opt/airflow/dags/ETL_automated_airflow.py took 0.397 seconds
[2024-02-18T16:51:19.714+0000] {processor.py:161} INFO - Started process (PID=3143) to work on /opt/airflow/dags/ETL_automated_airflow.py
[2024-02-18T16:51:19.715+0000] {processor.py:830} INFO - Processing file /opt/airflow/dags/ETL_automated_airflow.py for tasks to queue
[2024-02-18T16:51:19.717+0000] {logging_mixin.py:188} INFO - [2024-02-18T16:51:19.717+0000] {dagbag.py:538} INFO - Filling up the DagBag from /opt/airflow/dags/ETL_automated_airflow.py
[2024-02-18T16:51:20.049+0000] {processor.py:840} INFO - DAG(s) 'ETL_pipeline' retrieved from /opt/airflow/dags/ETL_automated_airflow.py
[2024-02-18T16:51:20.085+0000] {logging_mixin.py:188} INFO - [2024-02-18T16:51:20.084+0000] {dag.py:3036} INFO - Sync 1 DAGs
[2024-02-18T16:51:20.116+0000] {logging_mixin.py:188} INFO - [2024-02-18T16:51:20.116+0000] {dag.py:3823} INFO - Setting next_dagrun for ETL_pipeline to 2023-02-16 00:00:00+00:00, run_after=2023-02-17 00:00:00+00:00
[2024-02-18T16:51:20.196+0000] {processor.py:183} INFO - Processing /opt/airflow/dags/ETL_automated_airflow.py took 0.485 seconds
[2024-02-18T16:51:50.461+0000] {processor.py:161} INFO - Started process (PID=3147) to work on /opt/airflow/dags/ETL_automated_airflow.py
[2024-02-18T16:51:50.462+0000] {processor.py:830} INFO - Processing file /opt/airflow/dags/ETL_automated_airflow.py for tasks to queue
[2024-02-18T16:51:50.463+0000] {logging_mixin.py:188} INFO - [2024-02-18T16:51:50.463+0000] {dagbag.py:538} INFO - Filling up the DagBag from /opt/airflow/dags/ETL_automated_airflow.py
[2024-02-18T16:51:50.734+0000] {processor.py:840} INFO - DAG(s) 'ETL_pipeline' retrieved from /opt/airflow/dags/ETL_automated_airflow.py
[2024-02-18T16:51:50.764+0000] {logging_mixin.py:188} INFO - [2024-02-18T16:51:50.763+0000] {dag.py:3036} INFO - Sync 1 DAGs
[2024-02-18T16:51:50.792+0000] {logging_mixin.py:188} INFO - [2024-02-18T16:51:50.792+0000] {dag.py:3823} INFO - Setting next_dagrun for ETL_pipeline to 2023-02-16 00:00:00+00:00, run_after=2023-02-17 00:00:00+00:00
[2024-02-18T16:51:50.869+0000] {processor.py:183} INFO - Processing /opt/airflow/dags/ETL_automated_airflow.py took 0.410 seconds
[2024-02-18T16:52:21.261+0000] {processor.py:161} INFO - Started process (PID=3151) to work on /opt/airflow/dags/ETL_automated_airflow.py
[2024-02-18T16:52:21.262+0000] {processor.py:830} INFO - Processing file /opt/airflow/dags/ETL_automated_airflow.py for tasks to queue
[2024-02-18T16:52:21.263+0000] {logging_mixin.py:188} INFO - [2024-02-18T16:52:21.262+0000] {dagbag.py:538} INFO - Filling up the DagBag from /opt/airflow/dags/ETL_automated_airflow.py
[2024-02-18T16:52:21.562+0000] {processor.py:840} INFO - DAG(s) 'ETL_pipeline' retrieved from /opt/airflow/dags/ETL_automated_airflow.py
[2024-02-18T16:52:21.616+0000] {logging_mixin.py:188} INFO - [2024-02-18T16:52:21.615+0000] {dag.py:3036} INFO - Sync 1 DAGs
[2024-02-18T16:52:21.659+0000] {logging_mixin.py:188} INFO - [2024-02-18T16:52:21.659+0000] {dag.py:3823} INFO - Setting next_dagrun for ETL_pipeline to 2023-02-16 00:00:00+00:00, run_after=2023-02-17 00:00:00+00:00
[2024-02-18T16:52:21.751+0000] {processor.py:183} INFO - Processing /opt/airflow/dags/ETL_automated_airflow.py took 0.493 seconds
[2024-02-18T16:52:52.195+0000] {processor.py:161} INFO - Started process (PID=3155) to work on /opt/airflow/dags/ETL_automated_airflow.py
[2024-02-18T16:52:52.196+0000] {processor.py:830} INFO - Processing file /opt/airflow/dags/ETL_automated_airflow.py for tasks to queue
[2024-02-18T16:52:52.197+0000] {logging_mixin.py:188} INFO - [2024-02-18T16:52:52.197+0000] {dagbag.py:538} INFO - Filling up the DagBag from /opt/airflow/dags/ETL_automated_airflow.py
[2024-02-18T16:52:52.430+0000] {processor.py:840} INFO - DAG(s) 'ETL_pipeline' retrieved from /opt/airflow/dags/ETL_automated_airflow.py
[2024-02-18T16:52:52.460+0000] {logging_mixin.py:188} INFO - [2024-02-18T16:52:52.459+0000] {dag.py:3036} INFO - Sync 1 DAGs
[2024-02-18T16:52:52.486+0000] {logging_mixin.py:188} INFO - [2024-02-18T16:52:52.486+0000] {dag.py:3823} INFO - Setting next_dagrun for ETL_pipeline to 2023-02-16 00:00:00+00:00, run_after=2023-02-17 00:00:00+00:00
[2024-02-18T16:52:52.542+0000] {processor.py:183} INFO - Processing /opt/airflow/dags/ETL_automated_airflow.py took 0.349 seconds
[2024-02-18T16:53:22.913+0000] {processor.py:161} INFO - Started process (PID=3159) to work on /opt/airflow/dags/ETL_automated_airflow.py
[2024-02-18T16:53:22.914+0000] {processor.py:830} INFO - Processing file /opt/airflow/dags/ETL_automated_airflow.py for tasks to queue
[2024-02-18T16:53:22.915+0000] {logging_mixin.py:188} INFO - [2024-02-18T16:53:22.915+0000] {dagbag.py:538} INFO - Filling up the DagBag from /opt/airflow/dags/ETL_automated_airflow.py
[2024-02-18T16:53:23.207+0000] {processor.py:840} INFO - DAG(s) 'ETL_pipeline' retrieved from /opt/airflow/dags/ETL_automated_airflow.py
[2024-02-18T16:53:23.239+0000] {logging_mixin.py:188} INFO - [2024-02-18T16:53:23.238+0000] {dag.py:3036} INFO - Sync 1 DAGs
[2024-02-18T16:53:23.270+0000] {logging_mixin.py:188} INFO - [2024-02-18T16:53:23.270+0000] {dag.py:3823} INFO - Setting next_dagrun for ETL_pipeline to 2023-02-16 00:00:00+00:00, run_after=2023-02-17 00:00:00+00:00
[2024-02-18T16:53:23.358+0000] {processor.py:183} INFO - Processing /opt/airflow/dags/ETL_automated_airflow.py took 0.448 seconds
[2024-02-18T16:53:53.720+0000] {processor.py:161} INFO - Started process (PID=3163) to work on /opt/airflow/dags/ETL_automated_airflow.py
[2024-02-18T16:53:53.721+0000] {processor.py:830} INFO - Processing file /opt/airflow/dags/ETL_automated_airflow.py for tasks to queue
[2024-02-18T16:53:53.722+0000] {logging_mixin.py:188} INFO - [2024-02-18T16:53:53.722+0000] {dagbag.py:538} INFO - Filling up the DagBag from /opt/airflow/dags/ETL_automated_airflow.py
[2024-02-18T16:53:54.074+0000] {processor.py:840} INFO - DAG(s) 'ETL_pipeline' retrieved from /opt/airflow/dags/ETL_automated_airflow.py
[2024-02-18T16:53:54.104+0000] {logging_mixin.py:188} INFO - [2024-02-18T16:53:54.104+0000] {dag.py:3036} INFO - Sync 1 DAGs
[2024-02-18T16:53:54.135+0000] {logging_mixin.py:188} INFO - [2024-02-18T16:53:54.135+0000] {dag.py:3823} INFO - Setting next_dagrun for ETL_pipeline to 2023-02-16 00:00:00+00:00, run_after=2023-02-17 00:00:00+00:00
[2024-02-18T16:53:54.215+0000] {processor.py:183} INFO - Processing /opt/airflow/dags/ETL_automated_airflow.py took 0.498 seconds
[2024-02-18T16:54:24.655+0000] {processor.py:161} INFO - Started process (PID=3167) to work on /opt/airflow/dags/ETL_automated_airflow.py
[2024-02-18T16:54:24.656+0000] {processor.py:830} INFO - Processing file /opt/airflow/dags/ETL_automated_airflow.py for tasks to queue
[2024-02-18T16:54:24.658+0000] {logging_mixin.py:188} INFO - [2024-02-18T16:54:24.657+0000] {dagbag.py:538} INFO - Filling up the DagBag from /opt/airflow/dags/ETL_automated_airflow.py
[2024-02-18T16:54:25.159+0000] {processor.py:840} INFO - DAG(s) 'ETL_pipeline' retrieved from /opt/airflow/dags/ETL_automated_airflow.py
[2024-02-18T16:54:25.188+0000] {logging_mixin.py:188} INFO - [2024-02-18T16:54:25.187+0000] {dag.py:3036} INFO - Sync 1 DAGs
[2024-02-18T16:54:25.214+0000] {logging_mixin.py:188} INFO - [2024-02-18T16:54:25.213+0000] {dag.py:3823} INFO - Setting next_dagrun for ETL_pipeline to 2023-02-16 00:00:00+00:00, run_after=2023-02-17 00:00:00+00:00
[2024-02-18T16:54:25.279+0000] {processor.py:183} INFO - Processing /opt/airflow/dags/ETL_automated_airflow.py took 0.626 seconds
[2024-02-18T16:54:55.647+0000] {processor.py:161} INFO - Started process (PID=3171) to work on /opt/airflow/dags/ETL_automated_airflow.py
[2024-02-18T16:54:55.648+0000] {processor.py:830} INFO - Processing file /opt/airflow/dags/ETL_automated_airflow.py for tasks to queue
[2024-02-18T16:54:55.649+0000] {logging_mixin.py:188} INFO - [2024-02-18T16:54:55.649+0000] {dagbag.py:538} INFO - Filling up the DagBag from /opt/airflow/dags/ETL_automated_airflow.py
[2024-02-18T16:54:55.974+0000] {processor.py:840} INFO - DAG(s) 'ETL_pipeline' retrieved from /opt/airflow/dags/ETL_automated_airflow.py
[2024-02-18T16:54:56.011+0000] {logging_mixin.py:188} INFO - [2024-02-18T16:54:56.010+0000] {dag.py:3036} INFO - Sync 1 DAGs
[2024-02-18T16:54:56.045+0000] {logging_mixin.py:188} INFO - [2024-02-18T16:54:56.044+0000] {dag.py:3823} INFO - Setting next_dagrun for ETL_pipeline to 2023-02-16 00:00:00+00:00, run_after=2023-02-17 00:00:00+00:00
[2024-02-18T16:54:56.130+0000] {processor.py:183} INFO - Processing /opt/airflow/dags/ETL_automated_airflow.py took 0.487 seconds
[2024-02-18T16:55:26.391+0000] {processor.py:161} INFO - Started process (PID=3175) to work on /opt/airflow/dags/ETL_automated_airflow.py
[2024-02-18T16:55:26.393+0000] {processor.py:830} INFO - Processing file /opt/airflow/dags/ETL_automated_airflow.py for tasks to queue
[2024-02-18T16:55:26.394+0000] {logging_mixin.py:188} INFO - [2024-02-18T16:55:26.394+0000] {dagbag.py:538} INFO - Filling up the DagBag from /opt/airflow/dags/ETL_automated_airflow.py
[2024-02-18T16:55:26.744+0000] {processor.py:840} INFO - DAG(s) 'ETL_pipeline' retrieved from /opt/airflow/dags/ETL_automated_airflow.py
[2024-02-18T16:55:26.774+0000] {logging_mixin.py:188} INFO - [2024-02-18T16:55:26.774+0000] {dag.py:3036} INFO - Sync 1 DAGs
[2024-02-18T16:55:26.802+0000] {logging_mixin.py:188} INFO - [2024-02-18T16:55:26.802+0000] {dag.py:3823} INFO - Setting next_dagrun for ETL_pipeline to 2023-02-16 00:00:00+00:00, run_after=2023-02-17 00:00:00+00:00
[2024-02-18T16:55:26.895+0000] {processor.py:183} INFO - Processing /opt/airflow/dags/ETL_automated_airflow.py took 0.507 seconds
[2024-02-18T16:55:57.270+0000] {processor.py:161} INFO - Started process (PID=3179) to work on /opt/airflow/dags/ETL_automated_airflow.py
[2024-02-18T16:55:57.271+0000] {processor.py:830} INFO - Processing file /opt/airflow/dags/ETL_automated_airflow.py for tasks to queue
[2024-02-18T16:55:57.272+0000] {logging_mixin.py:188} INFO - [2024-02-18T16:55:57.272+0000] {dagbag.py:538} INFO - Filling up the DagBag from /opt/airflow/dags/ETL_automated_airflow.py
[2024-02-18T16:55:57.569+0000] {processor.py:840} INFO - DAG(s) 'ETL_pipeline' retrieved from /opt/airflow/dags/ETL_automated_airflow.py
[2024-02-18T16:55:57.603+0000] {logging_mixin.py:188} INFO - [2024-02-18T16:55:57.603+0000] {dag.py:3036} INFO - Sync 1 DAGs
[2024-02-18T16:55:57.639+0000] {logging_mixin.py:188} INFO - [2024-02-18T16:55:57.639+0000] {dag.py:3823} INFO - Setting next_dagrun for ETL_pipeline to 2023-02-16 00:00:00+00:00, run_after=2023-02-17 00:00:00+00:00
[2024-02-18T16:55:57.724+0000] {processor.py:183} INFO - Processing /opt/airflow/dags/ETL_automated_airflow.py took 0.457 seconds
[2024-02-18T16:56:28.011+0000] {processor.py:161} INFO - Started process (PID=3183) to work on /opt/airflow/dags/ETL_automated_airflow.py
[2024-02-18T16:56:28.012+0000] {processor.py:830} INFO - Processing file /opt/airflow/dags/ETL_automated_airflow.py for tasks to queue
[2024-02-18T16:56:28.013+0000] {logging_mixin.py:188} INFO - [2024-02-18T16:56:28.013+0000] {dagbag.py:538} INFO - Filling up the DagBag from /opt/airflow/dags/ETL_automated_airflow.py
[2024-02-18T16:56:28.327+0000] {processor.py:840} INFO - DAG(s) 'ETL_pipeline' retrieved from /opt/airflow/dags/ETL_automated_airflow.py
[2024-02-18T16:56:28.364+0000] {logging_mixin.py:188} INFO - [2024-02-18T16:56:28.364+0000] {dag.py:3036} INFO - Sync 1 DAGs
[2024-02-18T16:56:28.397+0000] {logging_mixin.py:188} INFO - [2024-02-18T16:56:28.396+0000] {dag.py:3823} INFO - Setting next_dagrun for ETL_pipeline to 2023-02-16 00:00:00+00:00, run_after=2023-02-17 00:00:00+00:00
[2024-02-18T16:56:28.475+0000] {processor.py:183} INFO - Processing /opt/airflow/dags/ETL_automated_airflow.py took 0.467 seconds
[2024-02-18T16:56:58.848+0000] {processor.py:161} INFO - Started process (PID=3187) to work on /opt/airflow/dags/ETL_automated_airflow.py
[2024-02-18T16:56:58.849+0000] {processor.py:830} INFO - Processing file /opt/airflow/dags/ETL_automated_airflow.py for tasks to queue
[2024-02-18T16:56:58.851+0000] {logging_mixin.py:188} INFO - [2024-02-18T16:56:58.851+0000] {dagbag.py:538} INFO - Filling up the DagBag from /opt/airflow/dags/ETL_automated_airflow.py
[2024-02-18T16:56:59.171+0000] {processor.py:840} INFO - DAG(s) 'ETL_pipeline' retrieved from /opt/airflow/dags/ETL_automated_airflow.py
[2024-02-18T16:56:59.207+0000] {logging_mixin.py:188} INFO - [2024-02-18T16:56:59.207+0000] {dag.py:3036} INFO - Sync 1 DAGs
[2024-02-18T16:56:59.237+0000] {logging_mixin.py:188} INFO - [2024-02-18T16:56:59.237+0000] {dag.py:3823} INFO - Setting next_dagrun for ETL_pipeline to 2023-02-16 00:00:00+00:00, run_after=2023-02-17 00:00:00+00:00
[2024-02-18T16:56:59.313+0000] {processor.py:183} INFO - Processing /opt/airflow/dags/ETL_automated_airflow.py took 0.469 seconds
[2024-02-18T16:57:29.700+0000] {processor.py:161} INFO - Started process (PID=3191) to work on /opt/airflow/dags/ETL_automated_airflow.py
[2024-02-18T16:57:29.701+0000] {processor.py:830} INFO - Processing file /opt/airflow/dags/ETL_automated_airflow.py for tasks to queue
[2024-02-18T16:57:29.702+0000] {logging_mixin.py:188} INFO - [2024-02-18T16:57:29.702+0000] {dagbag.py:538} INFO - Filling up the DagBag from /opt/airflow/dags/ETL_automated_airflow.py
[2024-02-18T16:57:29.968+0000] {processor.py:840} INFO - DAG(s) 'ETL_pipeline' retrieved from /opt/airflow/dags/ETL_automated_airflow.py
[2024-02-18T16:57:29.995+0000] {logging_mixin.py:188} INFO - [2024-02-18T16:57:29.995+0000] {dag.py:3036} INFO - Sync 1 DAGs
[2024-02-18T16:57:30.028+0000] {logging_mixin.py:188} INFO - [2024-02-18T16:57:30.027+0000] {dag.py:3823} INFO - Setting next_dagrun for ETL_pipeline to 2023-02-16 00:00:00+00:00, run_after=2023-02-17 00:00:00+00:00
[2024-02-18T16:57:30.100+0000] {processor.py:183} INFO - Processing /opt/airflow/dags/ETL_automated_airflow.py took 0.402 seconds
[2024-02-18T16:58:00.514+0000] {processor.py:161} INFO - Started process (PID=3195) to work on /opt/airflow/dags/ETL_automated_airflow.py
[2024-02-18T16:58:00.516+0000] {processor.py:830} INFO - Processing file /opt/airflow/dags/ETL_automated_airflow.py for tasks to queue
[2024-02-18T16:58:00.517+0000] {logging_mixin.py:188} INFO - [2024-02-18T16:58:00.517+0000] {dagbag.py:538} INFO - Filling up the DagBag from /opt/airflow/dags/ETL_automated_airflow.py
[2024-02-18T16:58:00.770+0000] {processor.py:840} INFO - DAG(s) 'ETL_pipeline' retrieved from /opt/airflow/dags/ETL_automated_airflow.py
[2024-02-18T16:58:00.804+0000] {logging_mixin.py:188} INFO - [2024-02-18T16:58:00.803+0000] {dag.py:3036} INFO - Sync 1 DAGs
[2024-02-18T16:58:00.835+0000] {logging_mixin.py:188} INFO - [2024-02-18T16:58:00.835+0000] {dag.py:3823} INFO - Setting next_dagrun for ETL_pipeline to 2023-02-16 00:00:00+00:00, run_after=2023-02-17 00:00:00+00:00
[2024-02-18T16:58:00.906+0000] {processor.py:183} INFO - Processing /opt/airflow/dags/ETL_automated_airflow.py took 0.397 seconds
[2024-02-18T16:58:31.312+0000] {processor.py:161} INFO - Started process (PID=3199) to work on /opt/airflow/dags/ETL_automated_airflow.py
[2024-02-18T16:58:31.314+0000] {processor.py:830} INFO - Processing file /opt/airflow/dags/ETL_automated_airflow.py for tasks to queue
[2024-02-18T16:58:31.315+0000] {logging_mixin.py:188} INFO - [2024-02-18T16:58:31.314+0000] {dagbag.py:538} INFO - Filling up the DagBag from /opt/airflow/dags/ETL_automated_airflow.py
[2024-02-18T16:58:31.656+0000] {processor.py:840} INFO - DAG(s) 'ETL_pipeline' retrieved from /opt/airflow/dags/ETL_automated_airflow.py
[2024-02-18T16:58:31.696+0000] {logging_mixin.py:188} INFO - [2024-02-18T16:58:31.696+0000] {dag.py:3036} INFO - Sync 1 DAGs
[2024-02-18T16:58:31.734+0000] {logging_mixin.py:188} INFO - [2024-02-18T16:58:31.734+0000] {dag.py:3823} INFO - Setting next_dagrun for ETL_pipeline to 2023-02-16 00:00:00+00:00, run_after=2023-02-17 00:00:00+00:00
[2024-02-18T16:58:31.832+0000] {processor.py:183} INFO - Processing /opt/airflow/dags/ETL_automated_airflow.py took 0.523 seconds
[2024-02-18T16:59:02.236+0000] {processor.py:161} INFO - Started process (PID=3203) to work on /opt/airflow/dags/ETL_automated_airflow.py
[2024-02-18T16:59:02.237+0000] {processor.py:830} INFO - Processing file /opt/airflow/dags/ETL_automated_airflow.py for tasks to queue
[2024-02-18T16:59:02.238+0000] {logging_mixin.py:188} INFO - [2024-02-18T16:59:02.237+0000] {dagbag.py:538} INFO - Filling up the DagBag from /opt/airflow/dags/ETL_automated_airflow.py
[2024-02-18T16:59:02.483+0000] {processor.py:840} INFO - DAG(s) 'ETL_pipeline' retrieved from /opt/airflow/dags/ETL_automated_airflow.py
[2024-02-18T16:59:02.516+0000] {logging_mixin.py:188} INFO - [2024-02-18T16:59:02.515+0000] {dag.py:3036} INFO - Sync 1 DAGs
[2024-02-18T16:59:02.544+0000] {logging_mixin.py:188} INFO - [2024-02-18T16:59:02.543+0000] {dag.py:3823} INFO - Setting next_dagrun for ETL_pipeline to 2023-02-16 00:00:00+00:00, run_after=2023-02-17 00:00:00+00:00
[2024-02-18T16:59:02.611+0000] {processor.py:183} INFO - Processing /opt/airflow/dags/ETL_automated_airflow.py took 0.378 seconds
[2024-02-18T16:59:41.414+0000] {processor.py:161} INFO - Started process (PID=3240) to work on /opt/airflow/dags/ETL_automated_airflow.py
[2024-02-18T16:59:41.416+0000] {processor.py:830} INFO - Processing file /opt/airflow/dags/ETL_automated_airflow.py for tasks to queue
[2024-02-18T16:59:41.420+0000] {logging_mixin.py:188} INFO - [2024-02-18T16:59:41.419+0000] {dagbag.py:538} INFO - Filling up the DagBag from /opt/airflow/dags/ETL_automated_airflow.py
[2024-02-18T16:59:42.141+0000] {processor.py:840} INFO - DAG(s) 'ETL_pipeline' retrieved from /opt/airflow/dags/ETL_automated_airflow.py
[2024-02-18T16:59:42.198+0000] {logging_mixin.py:188} INFO - [2024-02-18T16:59:42.197+0000] {dag.py:3036} INFO - Sync 1 DAGs
[2024-02-18T16:59:42.252+0000] {logging_mixin.py:188} INFO - [2024-02-18T16:59:42.251+0000] {dag.py:3823} INFO - Setting next_dagrun for ETL_pipeline to 2023-02-19 00:00:00+00:00, run_after=2023-02-20 00:00:00+00:00
[2024-02-18T16:59:42.423+0000] {processor.py:183} INFO - Processing /opt/airflow/dags/ETL_automated_airflow.py took 1.025 seconds
[2024-02-18T17:00:18.640+0000] {processor.py:161} INFO - Started process (PID=3299) to work on /opt/airflow/dags/ETL_automated_airflow.py
[2024-02-18T17:00:18.642+0000] {processor.py:830} INFO - Processing file /opt/airflow/dags/ETL_automated_airflow.py for tasks to queue
[2024-02-18T17:00:18.644+0000] {logging_mixin.py:188} INFO - [2024-02-18T17:00:18.643+0000] {dagbag.py:538} INFO - Filling up the DagBag from /opt/airflow/dags/ETL_automated_airflow.py
[2024-02-18T17:00:19.142+0000] {processor.py:840} INFO - DAG(s) 'ETL_pipeline' retrieved from /opt/airflow/dags/ETL_automated_airflow.py
[2024-02-18T17:00:19.197+0000] {logging_mixin.py:188} INFO - [2024-02-18T17:00:19.196+0000] {dag.py:3036} INFO - Sync 1 DAGs
[2024-02-18T17:00:19.242+0000] {logging_mixin.py:188} INFO - [2024-02-18T17:00:19.241+0000] {dag.py:3823} INFO - Setting next_dagrun for ETL_pipeline to 2023-02-24 00:00:00+00:00, run_after=2023-02-25 00:00:00+00:00
[2024-02-18T17:00:19.353+0000] {processor.py:183} INFO - Processing /opt/airflow/dags/ETL_automated_airflow.py took 0.716 seconds
[2024-02-18T17:00:51.035+0000] {processor.py:161} INFO - Started process (PID=3358) to work on /opt/airflow/dags/ETL_automated_airflow.py
[2024-02-18T17:00:51.036+0000] {processor.py:830} INFO - Processing file /opt/airflow/dags/ETL_automated_airflow.py for tasks to queue
[2024-02-18T17:00:51.038+0000] {logging_mixin.py:188} INFO - [2024-02-18T17:00:51.037+0000] {dagbag.py:538} INFO - Filling up the DagBag from /opt/airflow/dags/ETL_automated_airflow.py
[2024-02-18T17:00:51.399+0000] {processor.py:840} INFO - DAG(s) 'ETL_pipeline' retrieved from /opt/airflow/dags/ETL_automated_airflow.py
[2024-02-18T17:00:51.438+0000] {logging_mixin.py:188} INFO - [2024-02-18T17:00:51.438+0000] {dag.py:3036} INFO - Sync 1 DAGs
[2024-02-18T17:00:51.478+0000] {logging_mixin.py:188} INFO - [2024-02-18T17:00:51.478+0000] {dag.py:3823} INFO - Setting next_dagrun for ETL_pipeline to 2023-03-01 00:00:00+00:00, run_after=2023-03-02 00:00:00+00:00
[2024-02-18T17:00:51.694+0000] {processor.py:183} INFO - Processing /opt/airflow/dags/ETL_automated_airflow.py took 0.663 seconds
[2024-02-18T17:01:21.947+0000] {processor.py:161} INFO - Started process (PID=3395) to work on /opt/airflow/dags/ETL_automated_airflow.py
[2024-02-18T17:01:21.948+0000] {processor.py:830} INFO - Processing file /opt/airflow/dags/ETL_automated_airflow.py for tasks to queue
[2024-02-18T17:01:21.949+0000] {logging_mixin.py:188} INFO - [2024-02-18T17:01:21.949+0000] {dagbag.py:538} INFO - Filling up the DagBag from /opt/airflow/dags/ETL_automated_airflow.py
[2024-02-18T17:01:22.254+0000] {processor.py:840} INFO - DAG(s) 'ETL_pipeline' retrieved from /opt/airflow/dags/ETL_automated_airflow.py
[2024-02-18T17:01:22.284+0000] {logging_mixin.py:188} INFO - [2024-02-18T17:01:22.284+0000] {dag.py:3036} INFO - Sync 1 DAGs
[2024-02-18T17:01:22.385+0000] {processor.py:183} INFO - Processing /opt/airflow/dags/ETL_automated_airflow.py took 0.441 seconds
[2024-02-18T17:01:52.767+0000] {processor.py:161} INFO - Started process (PID=3399) to work on /opt/airflow/dags/ETL_automated_airflow.py
[2024-02-18T17:01:52.768+0000] {processor.py:830} INFO - Processing file /opt/airflow/dags/ETL_automated_airflow.py for tasks to queue
[2024-02-18T17:01:52.769+0000] {logging_mixin.py:188} INFO - [2024-02-18T17:01:52.769+0000] {dagbag.py:538} INFO - Filling up the DagBag from /opt/airflow/dags/ETL_automated_airflow.py
[2024-02-18T17:01:53.017+0000] {processor.py:840} INFO - DAG(s) 'ETL_pipeline' retrieved from /opt/airflow/dags/ETL_automated_airflow.py
[2024-02-18T17:01:53.046+0000] {logging_mixin.py:188} INFO - [2024-02-18T17:01:53.045+0000] {dag.py:3036} INFO - Sync 1 DAGs
[2024-02-18T17:01:53.145+0000] {processor.py:183} INFO - Processing /opt/airflow/dags/ETL_automated_airflow.py took 0.380 seconds
[2024-02-18T17:02:23.609+0000] {processor.py:161} INFO - Started process (PID=3403) to work on /opt/airflow/dags/ETL_automated_airflow.py
[2024-02-18T17:02:23.611+0000] {processor.py:830} INFO - Processing file /opt/airflow/dags/ETL_automated_airflow.py for tasks to queue
[2024-02-18T17:02:23.612+0000] {logging_mixin.py:188} INFO - [2024-02-18T17:02:23.612+0000] {dagbag.py:538} INFO - Filling up the DagBag from /opt/airflow/dags/ETL_automated_airflow.py
[2024-02-18T17:02:23.954+0000] {processor.py:840} INFO - DAG(s) 'ETL_pipeline' retrieved from /opt/airflow/dags/ETL_automated_airflow.py
[2024-02-18T17:02:23.990+0000] {logging_mixin.py:188} INFO - [2024-02-18T17:02:23.989+0000] {dag.py:3036} INFO - Sync 1 DAGs
[2024-02-18T17:02:24.142+0000] {processor.py:183} INFO - Processing /opt/airflow/dags/ETL_automated_airflow.py took 0.537 seconds
[2024-02-18T17:02:55.127+0000] {processor.py:161} INFO - Started process (PID=3407) to work on /opt/airflow/dags/ETL_automated_airflow.py
[2024-02-18T17:02:55.130+0000] {processor.py:830} INFO - Processing file /opt/airflow/dags/ETL_automated_airflow.py for tasks to queue
[2024-02-18T17:02:55.133+0000] {logging_mixin.py:188} INFO - [2024-02-18T17:02:55.132+0000] {dagbag.py:538} INFO - Filling up the DagBag from /opt/airflow/dags/ETL_automated_airflow.py
[2024-02-18T17:02:55.572+0000] {processor.py:840} INFO - DAG(s) 'ETL_pipeline' retrieved from /opt/airflow/dags/ETL_automated_airflow.py
[2024-02-18T17:02:55.614+0000] {logging_mixin.py:188} INFO - [2024-02-18T17:02:55.614+0000] {dag.py:3036} INFO - Sync 1 DAGs
[2024-02-18T17:02:55.756+0000] {processor.py:183} INFO - Processing /opt/airflow/dags/ETL_automated_airflow.py took 0.634 seconds
[2024-02-18T17:03:27.189+0000] {processor.py:161} INFO - Started process (PID=3411) to work on /opt/airflow/dags/ETL_automated_airflow.py
[2024-02-18T17:03:27.190+0000] {processor.py:830} INFO - Processing file /opt/airflow/dags/ETL_automated_airflow.py for tasks to queue
[2024-02-18T17:03:27.192+0000] {logging_mixin.py:188} INFO - [2024-02-18T17:03:27.191+0000] {dagbag.py:538} INFO - Filling up the DagBag from /opt/airflow/dags/ETL_automated_airflow.py
[2024-02-18T17:03:27.495+0000] {processor.py:840} INFO - DAG(s) 'ETL_pipeline' retrieved from /opt/airflow/dags/ETL_automated_airflow.py
[2024-02-18T17:03:27.529+0000] {logging_mixin.py:188} INFO - [2024-02-18T17:03:27.529+0000] {dag.py:3036} INFO - Sync 1 DAGs
[2024-02-18T17:03:27.644+0000] {processor.py:183} INFO - Processing /opt/airflow/dags/ETL_automated_airflow.py took 0.459 seconds
[2024-02-18T17:03:58.473+0000] {processor.py:161} INFO - Started process (PID=3415) to work on /opt/airflow/dags/ETL_automated_airflow.py
[2024-02-18T17:03:58.475+0000] {processor.py:830} INFO - Processing file /opt/airflow/dags/ETL_automated_airflow.py for tasks to queue
[2024-02-18T17:03:58.476+0000] {logging_mixin.py:188} INFO - [2024-02-18T17:03:58.476+0000] {dagbag.py:538} INFO - Filling up the DagBag from /opt/airflow/dags/ETL_automated_airflow.py
[2024-02-18T17:03:58.817+0000] {processor.py:840} INFO - DAG(s) 'ETL_pipeline' retrieved from /opt/airflow/dags/ETL_automated_airflow.py
[2024-02-18T17:03:58.854+0000] {logging_mixin.py:188} INFO - [2024-02-18T17:03:58.854+0000] {dag.py:3036} INFO - Sync 1 DAGs
[2024-02-18T17:03:58.989+0000] {processor.py:183} INFO - Processing /opt/airflow/dags/ETL_automated_airflow.py took 0.518 seconds
[2024-02-18T17:04:29.747+0000] {processor.py:161} INFO - Started process (PID=3430) to work on /opt/airflow/dags/ETL_automated_airflow.py
[2024-02-18T17:04:29.748+0000] {processor.py:830} INFO - Processing file /opt/airflow/dags/ETL_automated_airflow.py for tasks to queue
[2024-02-18T17:04:29.751+0000] {logging_mixin.py:188} INFO - [2024-02-18T17:04:29.750+0000] {dagbag.py:538} INFO - Filling up the DagBag from /opt/airflow/dags/ETL_automated_airflow.py
[2024-02-18T17:04:30.109+0000] {processor.py:840} INFO - DAG(s) 'ETL_pipeline' retrieved from /opt/airflow/dags/ETL_automated_airflow.py
[2024-02-18T17:04:30.148+0000] {logging_mixin.py:188} INFO - [2024-02-18T17:04:30.147+0000] {dag.py:3036} INFO - Sync 1 DAGs
[2024-02-18T17:04:30.276+0000] {processor.py:183} INFO - Processing /opt/airflow/dags/ETL_automated_airflow.py took 0.533 seconds
[2024-02-18T17:05:01.533+0000] {processor.py:161} INFO - Started process (PID=3478) to work on /opt/airflow/dags/ETL_automated_airflow.py
[2024-02-18T17:05:01.535+0000] {processor.py:830} INFO - Processing file /opt/airflow/dags/ETL_automated_airflow.py for tasks to queue
[2024-02-18T17:05:01.537+0000] {logging_mixin.py:188} INFO - [2024-02-18T17:05:01.536+0000] {dagbag.py:538} INFO - Filling up the DagBag from /opt/airflow/dags/ETL_automated_airflow.py
[2024-02-18T17:05:01.895+0000] {processor.py:840} INFO - DAG(s) 'ETL_pipeline' retrieved from /opt/airflow/dags/ETL_automated_airflow.py
[2024-02-18T17:05:01.933+0000] {logging_mixin.py:188} INFO - [2024-02-18T17:05:01.933+0000] {dag.py:3036} INFO - Sync 1 DAGs
[2024-02-18T17:05:01.971+0000] {logging_mixin.py:188} INFO - [2024-02-18T17:05:01.970+0000] {dag.py:3823} INFO - Setting next_dagrun for ETL_pipeline to 2023-03-04 00:00:00+00:00, run_after=2023-03-05 00:00:00+00:00
[2024-02-18T17:05:02.097+0000] {processor.py:183} INFO - Processing /opt/airflow/dags/ETL_automated_airflow.py took 0.570 seconds
[2024-02-18T17:05:32.712+0000] {processor.py:161} INFO - Started process (PID=3537) to work on /opt/airflow/dags/ETL_automated_airflow.py
[2024-02-18T17:05:32.713+0000] {processor.py:830} INFO - Processing file /opt/airflow/dags/ETL_automated_airflow.py for tasks to queue
[2024-02-18T17:05:32.715+0000] {logging_mixin.py:188} INFO - [2024-02-18T17:05:32.714+0000] {dagbag.py:538} INFO - Filling up the DagBag from /opt/airflow/dags/ETL_automated_airflow.py
[2024-02-18T17:05:33.136+0000] {processor.py:840} INFO - DAG(s) 'ETL_pipeline' retrieved from /opt/airflow/dags/ETL_automated_airflow.py
[2024-02-18T17:05:33.176+0000] {logging_mixin.py:188} INFO - [2024-02-18T17:05:33.176+0000] {dag.py:3036} INFO - Sync 1 DAGs
[2024-02-18T17:05:33.217+0000] {logging_mixin.py:188} INFO - [2024-02-18T17:05:33.217+0000] {dag.py:3823} INFO - Setting next_dagrun for ETL_pipeline to 2023-03-05 00:00:00+00:00, run_after=2023-03-06 00:00:00+00:00
[2024-02-18T17:05:33.304+0000] {processor.py:183} INFO - Processing /opt/airflow/dags/ETL_automated_airflow.py took 0.596 seconds
[2024-02-18T17:06:07.392+0000] {processor.py:161} INFO - Started process (PID=3607) to work on /opt/airflow/dags/ETL_automated_airflow.py
[2024-02-18T17:06:07.394+0000] {processor.py:830} INFO - Processing file /opt/airflow/dags/ETL_automated_airflow.py for tasks to queue
[2024-02-18T17:06:07.397+0000] {logging_mixin.py:188} INFO - [2024-02-18T17:06:07.396+0000] {dagbag.py:538} INFO - Filling up the DagBag from /opt/airflow/dags/ETL_automated_airflow.py
[2024-02-18T17:06:07.832+0000] {processor.py:840} INFO - DAG(s) 'ETL_pipeline' retrieved from /opt/airflow/dags/ETL_automated_airflow.py
[2024-02-18T17:06:07.876+0000] {logging_mixin.py:188} INFO - [2024-02-18T17:06:07.876+0000] {dag.py:3036} INFO - Sync 1 DAGs
[2024-02-18T17:06:07.919+0000] {logging_mixin.py:188} INFO - [2024-02-18T17:06:07.919+0000] {dag.py:3823} INFO - Setting next_dagrun for ETL_pipeline to 2023-03-06 00:00:00+00:00, run_after=2023-03-07 00:00:00+00:00
[2024-02-18T17:06:08.037+0000] {processor.py:183} INFO - Processing /opt/airflow/dags/ETL_automated_airflow.py took 0.650 seconds
[2024-02-18T17:06:38.264+0000] {processor.py:161} INFO - Started process (PID=3655) to work on /opt/airflow/dags/ETL_automated_airflow.py
[2024-02-18T17:06:38.265+0000] {processor.py:830} INFO - Processing file /opt/airflow/dags/ETL_automated_airflow.py for tasks to queue
[2024-02-18T17:06:38.267+0000] {logging_mixin.py:188} INFO - [2024-02-18T17:06:38.266+0000] {dagbag.py:538} INFO - Filling up the DagBag from /opt/airflow/dags/ETL_automated_airflow.py
[2024-02-18T17:06:38.650+0000] {processor.py:840} INFO - DAG(s) 'ETL_pipeline' retrieved from /opt/airflow/dags/ETL_automated_airflow.py
[2024-02-18T17:06:38.688+0000] {logging_mixin.py:188} INFO - [2024-02-18T17:06:38.687+0000] {dag.py:3036} INFO - Sync 1 DAGs
[2024-02-18T17:06:38.729+0000] {logging_mixin.py:188} INFO - [2024-02-18T17:06:38.729+0000] {dag.py:3823} INFO - Setting next_dagrun for ETL_pipeline to 2023-03-08 00:00:00+00:00, run_after=2023-03-09 00:00:00+00:00
[2024-02-18T17:06:38.822+0000] {processor.py:183} INFO - Processing /opt/airflow/dags/ETL_automated_airflow.py took 0.563 seconds
[2024-02-18T17:07:10.525+0000] {processor.py:161} INFO - Started process (PID=3714) to work on /opt/airflow/dags/ETL_automated_airflow.py
[2024-02-18T17:07:10.527+0000] {processor.py:830} INFO - Processing file /opt/airflow/dags/ETL_automated_airflow.py for tasks to queue
[2024-02-18T17:07:10.528+0000] {logging_mixin.py:188} INFO - [2024-02-18T17:07:10.528+0000] {dagbag.py:538} INFO - Filling up the DagBag from /opt/airflow/dags/ETL_automated_airflow.py
[2024-02-18T17:07:10.936+0000] {processor.py:840} INFO - DAG(s) 'ETL_pipeline' retrieved from /opt/airflow/dags/ETL_automated_airflow.py
[2024-02-18T17:07:10.982+0000] {logging_mixin.py:188} INFO - [2024-02-18T17:07:10.982+0000] {dag.py:3036} INFO - Sync 1 DAGs
[2024-02-18T17:07:11.033+0000] {logging_mixin.py:188} INFO - [2024-02-18T17:07:11.033+0000] {dag.py:3823} INFO - Setting next_dagrun for ETL_pipeline to 2023-03-13 00:00:00+00:00, run_after=2023-03-14 00:00:00+00:00
[2024-02-18T17:07:11.163+0000] {processor.py:183} INFO - Processing /opt/airflow/dags/ETL_automated_airflow.py took 0.641 seconds
[2024-02-18T17:07:42.195+0000] {processor.py:161} INFO - Started process (PID=3773) to work on /opt/airflow/dags/ETL_automated_airflow.py
[2024-02-18T17:07:42.196+0000] {processor.py:830} INFO - Processing file /opt/airflow/dags/ETL_automated_airflow.py for tasks to queue
[2024-02-18T17:07:42.199+0000] {logging_mixin.py:188} INFO - [2024-02-18T17:07:42.198+0000] {dagbag.py:538} INFO - Filling up the DagBag from /opt/airflow/dags/ETL_automated_airflow.py
[2024-02-18T17:07:42.767+0000] {processor.py:840} INFO - DAG(s) 'ETL_pipeline' retrieved from /opt/airflow/dags/ETL_automated_airflow.py
[2024-02-18T17:07:42.846+0000] {logging_mixin.py:188} INFO - [2024-02-18T17:07:42.845+0000] {dag.py:3036} INFO - Sync 1 DAGs
[2024-02-18T17:07:42.910+0000] {logging_mixin.py:188} INFO - [2024-02-18T17:07:42.910+0000] {dag.py:3823} INFO - Setting next_dagrun for ETL_pipeline to 2023-03-18 00:00:00+00:00, run_after=2023-03-19 00:00:00+00:00
[2024-02-18T17:07:43.040+0000] {processor.py:183} INFO - Processing /opt/airflow/dags/ETL_automated_airflow.py took 0.849 seconds
[2024-02-18T17:08:13.717+0000] {processor.py:161} INFO - Started process (PID=3799) to work on /opt/airflow/dags/ETL_automated_airflow.py
[2024-02-18T17:08:13.718+0000] {processor.py:830} INFO - Processing file /opt/airflow/dags/ETL_automated_airflow.py for tasks to queue
[2024-02-18T17:08:13.720+0000] {logging_mixin.py:188} INFO - [2024-02-18T17:08:13.719+0000] {dagbag.py:538} INFO - Filling up the DagBag from /opt/airflow/dags/ETL_automated_airflow.py
[2024-02-18T17:08:14.032+0000] {processor.py:840} INFO - DAG(s) 'ETL_pipeline' retrieved from /opt/airflow/dags/ETL_automated_airflow.py
[2024-02-18T17:08:14.070+0000] {logging_mixin.py:188} INFO - [2024-02-18T17:08:14.070+0000] {dag.py:3036} INFO - Sync 1 DAGs
[2024-02-18T17:08:14.207+0000] {processor.py:183} INFO - Processing /opt/airflow/dags/ETL_automated_airflow.py took 0.494 seconds
[2024-02-18T17:08:45.397+0000] {processor.py:161} INFO - Started process (PID=3803) to work on /opt/airflow/dags/ETL_automated_airflow.py
[2024-02-18T17:08:45.398+0000] {processor.py:830} INFO - Processing file /opt/airflow/dags/ETL_automated_airflow.py for tasks to queue
[2024-02-18T17:08:45.400+0000] {logging_mixin.py:188} INFO - [2024-02-18T17:08:45.399+0000] {dagbag.py:538} INFO - Filling up the DagBag from /opt/airflow/dags/ETL_automated_airflow.py
[2024-02-18T17:08:45.807+0000] {processor.py:840} INFO - DAG(s) 'ETL_pipeline' retrieved from /opt/airflow/dags/ETL_automated_airflow.py
[2024-02-18T17:08:45.850+0000] {logging_mixin.py:188} INFO - [2024-02-18T17:08:45.850+0000] {dag.py:3036} INFO - Sync 1 DAGs
[2024-02-18T17:08:46.003+0000] {processor.py:183} INFO - Processing /opt/airflow/dags/ETL_automated_airflow.py took 0.610 seconds
[2024-02-18T17:09:17.263+0000] {processor.py:161} INFO - Started process (PID=3807) to work on /opt/airflow/dags/ETL_automated_airflow.py
[2024-02-18T17:09:17.264+0000] {processor.py:830} INFO - Processing file /opt/airflow/dags/ETL_automated_airflow.py for tasks to queue
[2024-02-18T17:09:17.265+0000] {logging_mixin.py:188} INFO - [2024-02-18T17:09:17.265+0000] {dagbag.py:538} INFO - Filling up the DagBag from /opt/airflow/dags/ETL_automated_airflow.py
[2024-02-18T17:09:17.555+0000] {processor.py:840} INFO - DAG(s) 'ETL_pipeline' retrieved from /opt/airflow/dags/ETL_automated_airflow.py
[2024-02-18T17:09:17.591+0000] {logging_mixin.py:188} INFO - [2024-02-18T17:09:17.590+0000] {dag.py:3036} INFO - Sync 1 DAGs
[2024-02-18T17:09:17.706+0000] {processor.py:183} INFO - Processing /opt/airflow/dags/ETL_automated_airflow.py took 0.446 seconds
[2024-02-18T17:09:48.234+0000] {processor.py:161} INFO - Started process (PID=3811) to work on /opt/airflow/dags/ETL_automated_airflow.py
[2024-02-18T17:09:48.235+0000] {processor.py:830} INFO - Processing file /opt/airflow/dags/ETL_automated_airflow.py for tasks to queue
[2024-02-18T17:09:48.236+0000] {logging_mixin.py:188} INFO - [2024-02-18T17:09:48.235+0000] {dagbag.py:538} INFO - Filling up the DagBag from /opt/airflow/dags/ETL_automated_airflow.py
[2024-02-18T17:09:48.530+0000] {processor.py:840} INFO - DAG(s) 'ETL_pipeline' retrieved from /opt/airflow/dags/ETL_automated_airflow.py
[2024-02-18T17:09:48.559+0000] {logging_mixin.py:188} INFO - [2024-02-18T17:09:48.558+0000] {dag.py:3036} INFO - Sync 1 DAGs
[2024-02-18T17:09:48.674+0000] {processor.py:183} INFO - Processing /opt/airflow/dags/ETL_automated_airflow.py took 0.443 seconds
[2024-02-18T17:10:20.096+0000] {processor.py:161} INFO - Started process (PID=3826) to work on /opt/airflow/dags/ETL_automated_airflow.py
[2024-02-18T17:10:20.097+0000] {processor.py:830} INFO - Processing file /opt/airflow/dags/ETL_automated_airflow.py for tasks to queue
[2024-02-18T17:10:20.098+0000] {logging_mixin.py:188} INFO - [2024-02-18T17:10:20.098+0000] {dagbag.py:538} INFO - Filling up the DagBag from /opt/airflow/dags/ETL_automated_airflow.py
[2024-02-18T17:10:20.429+0000] {processor.py:840} INFO - DAG(s) 'ETL_pipeline' retrieved from /opt/airflow/dags/ETL_automated_airflow.py
[2024-02-18T17:10:20.465+0000] {logging_mixin.py:188} INFO - [2024-02-18T17:10:20.464+0000] {dag.py:3036} INFO - Sync 1 DAGs
[2024-02-18T17:10:20.500+0000] {logging_mixin.py:188} INFO - [2024-02-18T17:10:20.500+0000] {dag.py:3823} INFO - Setting next_dagrun for ETL_pipeline to 2023-03-20 00:00:00+00:00, run_after=2023-03-21 00:00:00+00:00
[2024-02-18T17:10:20.599+0000] {processor.py:183} INFO - Processing /opt/airflow/dags/ETL_automated_airflow.py took 0.506 seconds
