[2024-02-18T17:44:32.634+0000] {taskinstance.py:1956} INFO - Dependencies all met for dep_context=non-requeueable deps ti=<TaskInstance: ETL_pipeline.run_etl_process scheduled__2023-04-08T00:00:00+00:00 [queued]>
[2024-02-18T17:44:32.652+0000] {taskinstance.py:1956} INFO - Dependencies all met for dep_context=requeueable deps ti=<TaskInstance: ETL_pipeline.run_etl_process scheduled__2023-04-08T00:00:00+00:00 [queued]>
[2024-02-18T17:44:32.653+0000] {taskinstance.py:2170} INFO - Starting attempt 2 of 2
[2024-02-18T17:44:32.693+0000] {taskinstance.py:2191} INFO - Executing <Task(PythonOperator): run_etl_process> on 2023-04-08 00:00:00+00:00
[2024-02-18T17:44:32.698+0000] {standard_task_runner.py:60} INFO - Started process 4651 to run task
[2024-02-18T17:44:32.701+0000] {standard_task_runner.py:87} INFO - Running: ['airflow', 'tasks', 'run', 'ETL_pipeline', 'run_etl_process', 'scheduled__2023-04-08T00:00:00+00:00', '--job-id', '140', '--raw', '--subdir', 'DAGS_FOLDER/ETL_automated_airflow.py', '--cfg-path', '/tmp/tmpsoh4oq7c']
[2024-02-18T17:44:32.703+0000] {standard_task_runner.py:88} INFO - Job 140: Subtask run_etl_process
[2024-02-18T17:44:32.800+0000] {task_command.py:423} INFO - Running <TaskInstance: ETL_pipeline.run_etl_process scheduled__2023-04-08T00:00:00+00:00 [running]> on host 8bb8949050c9
[2024-02-18T17:44:32.956+0000] {taskinstance.py:2480} INFO - Exporting env vars: AIRFLOW_CTX_DAG_OWNER='airflow' AIRFLOW_CTX_DAG_ID='ETL_pipeline' AIRFLOW_CTX_TASK_ID='run_etl_process' AIRFLOW_CTX_EXECUTION_DATE='2023-04-08T00:00:00+00:00' AIRFLOW_CTX_TRY_NUMBER='2' AIRFLOW_CTX_DAG_RUN_ID='scheduled__2023-04-08T00:00:00+00:00'
[2024-02-18T17:44:32.958+0000] {taskinstance.py:2698} ERROR - Task failed with exception
Traceback (most recent call last):
  File "/home/airflow/.local/lib/python3.8/site-packages/airflow/models/taskinstance.py", line 433, in _execute_task
    result = execute_callable(context=context, **execute_callable_kwargs)
  File "/home/airflow/.local/lib/python3.8/site-packages/airflow/operators/python.py", line 199, in execute
    return_value = self.execute_callable()
  File "/home/airflow/.local/lib/python3.8/site-packages/airflow/operators/python.py", line 216, in execute_callable
    return self.python_callable(*self.op_args, **self.op_kwargs)
  File "/opt/airflow/dags/ETL_automated_airflow.py", line 175, in etl_task
    process_files(csv_directory, table_name)
  File "/opt/airflow/dags/ETL_automated_airflow.py", line 115, in process_files
    conn = create_db_connection()
  File "/opt/airflow/dags/ETL_automated_airflow.py", line 32, in create_db_connection
    conn = psycopg2.connect(dbname=db_name, user=username, password=password)
NameError: name 'db_name' is not defined
[2024-02-18T17:44:32.978+0000] {taskinstance.py:1138} INFO - Marking task as FAILED. dag_id=ETL_pipeline, task_id=run_etl_process, execution_date=20230408T000000, start_date=20240218T174432, end_date=20240218T174432
[2024-02-18T17:44:33.019+0000] {standard_task_runner.py:107} ERROR - Failed to execute job 140 for task run_etl_process (name 'db_name' is not defined; 4651)
[2024-02-18T17:44:33.035+0000] {local_task_job_runner.py:234} INFO - Task exited with return code 1
[2024-02-18T17:44:33.059+0000] {taskinstance.py:3280} INFO - 0 downstream tasks scheduled from follow-on schedule check
