[2024-02-17T00:00:19.757+0000] {processor.py:161} INFO - Started process (PID=86) to work on /opt/airflow/dags/welcome_dag.py
[2024-02-17T00:00:19.758+0000] {processor.py:830} INFO - Processing file /opt/airflow/dags/welcome_dag.py for tasks to queue
[2024-02-17T00:00:19.761+0000] {logging_mixin.py:188} INFO - [2024-02-17T00:00:19.760+0000] {dagbag.py:538} INFO - Filling up the DagBag from /opt/airflow/dags/welcome_dag.py
[2024-02-17T00:00:19.813+0000] {processor.py:840} INFO - DAG(s) 'welcome_dag' retrieved from /opt/airflow/dags/welcome_dag.py
[2024-02-17T00:00:20.341+0000] {logging_mixin.py:188} INFO - [2024-02-17T00:00:20.341+0000] {dag.py:3036} INFO - Sync 1 DAGs
[2024-02-17T00:00:20.481+0000] {logging_mixin.py:188} INFO - [2024-02-17T00:00:20.480+0000] {dag.py:3823} INFO - Setting next_dagrun for welcome_dag to 2024-02-16 23:00:00+00:00, run_after=2024-02-17 23:00:00+00:00
[2024-02-17T00:00:20.669+0000] {processor.py:183} INFO - Processing /opt/airflow/dags/welcome_dag.py took 0.916 seconds
[2024-02-17T00:00:51.414+0000] {processor.py:161} INFO - Started process (PID=88) to work on /opt/airflow/dags/welcome_dag.py
[2024-02-17T00:00:51.415+0000] {processor.py:830} INFO - Processing file /opt/airflow/dags/welcome_dag.py for tasks to queue
[2024-02-17T00:00:51.417+0000] {logging_mixin.py:188} INFO - [2024-02-17T00:00:51.416+0000] {dagbag.py:538} INFO - Filling up the DagBag from /opt/airflow/dags/welcome_dag.py
[2024-02-17T00:00:51.466+0000] {processor.py:840} INFO - DAG(s) 'welcome_dag' retrieved from /opt/airflow/dags/welcome_dag.py
[2024-02-17T00:00:51.518+0000] {logging_mixin.py:188} INFO - [2024-02-17T00:00:51.518+0000] {dag.py:3036} INFO - Sync 1 DAGs
[2024-02-17T00:00:51.565+0000] {logging_mixin.py:188} INFO - [2024-02-17T00:00:51.565+0000] {dag.py:3823} INFO - Setting next_dagrun for welcome_dag to 2024-02-16 23:00:00+00:00, run_after=2024-02-17 23:00:00+00:00
[2024-02-17T00:00:51.668+0000] {processor.py:183} INFO - Processing /opt/airflow/dags/welcome_dag.py took 0.259 seconds
[2024-02-17T00:01:24.288+0000] {processor.py:161} INFO - Started process (PID=90) to work on /opt/airflow/dags/welcome_dag.py
[2024-02-17T00:01:24.291+0000] {processor.py:830} INFO - Processing file /opt/airflow/dags/welcome_dag.py for tasks to queue
[2024-02-17T00:01:24.302+0000] {logging_mixin.py:188} INFO - [2024-02-17T00:01:24.293+0000] {dagbag.py:538} INFO - Filling up the DagBag from /opt/airflow/dags/welcome_dag.py
[2024-02-17T00:01:24.424+0000] {processor.py:840} INFO - DAG(s) 'welcome_dag' retrieved from /opt/airflow/dags/welcome_dag.py
[2024-02-17T00:01:24.615+0000] {logging_mixin.py:188} INFO - [2024-02-17T00:01:24.614+0000] {dag.py:3036} INFO - Sync 1 DAGs
[2024-02-17T00:01:24.714+0000] {logging_mixin.py:188} INFO - [2024-02-17T00:01:24.713+0000] {dag.py:3823} INFO - Setting next_dagrun for welcome_dag to 2024-02-16 23:00:00+00:00, run_after=2024-02-17 23:00:00+00:00
[2024-02-17T00:01:25.003+0000] {processor.py:183} INFO - Processing /opt/airflow/dags/welcome_dag.py took 0.722 seconds
[2024-02-17T00:01:55.584+0000] {processor.py:161} INFO - Started process (PID=92) to work on /opt/airflow/dags/welcome_dag.py
[2024-02-17T00:01:55.587+0000] {processor.py:830} INFO - Processing file /opt/airflow/dags/welcome_dag.py for tasks to queue
[2024-02-17T00:01:55.589+0000] {logging_mixin.py:188} INFO - [2024-02-17T00:01:55.588+0000] {dagbag.py:538} INFO - Filling up the DagBag from /opt/airflow/dags/welcome_dag.py
[2024-02-17T00:01:55.650+0000] {processor.py:840} INFO - DAG(s) 'welcome_dag' retrieved from /opt/airflow/dags/welcome_dag.py
[2024-02-17T00:01:55.707+0000] {logging_mixin.py:188} INFO - [2024-02-17T00:01:55.706+0000] {dag.py:3036} INFO - Sync 1 DAGs
[2024-02-17T00:01:55.756+0000] {logging_mixin.py:188} INFO - [2024-02-17T00:01:55.756+0000] {dag.py:3823} INFO - Setting next_dagrun for welcome_dag to 2024-02-16 23:00:00+00:00, run_after=2024-02-17 23:00:00+00:00
[2024-02-17T00:01:55.861+0000] {processor.py:183} INFO - Processing /opt/airflow/dags/welcome_dag.py took 0.282 seconds
[2024-02-17T00:02:26.296+0000] {processor.py:161} INFO - Started process (PID=94) to work on /opt/airflow/dags/welcome_dag.py
[2024-02-17T00:02:26.297+0000] {processor.py:830} INFO - Processing file /opt/airflow/dags/welcome_dag.py for tasks to queue
[2024-02-17T00:02:26.298+0000] {logging_mixin.py:188} INFO - [2024-02-17T00:02:26.298+0000] {dagbag.py:538} INFO - Filling up the DagBag from /opt/airflow/dags/welcome_dag.py
[2024-02-17T00:02:26.324+0000] {processor.py:840} INFO - DAG(s) 'welcome_dag' retrieved from /opt/airflow/dags/welcome_dag.py
[2024-02-17T00:02:26.350+0000] {logging_mixin.py:188} INFO - [2024-02-17T00:02:26.350+0000] {dag.py:3036} INFO - Sync 1 DAGs
[2024-02-17T00:02:26.392+0000] {logging_mixin.py:188} INFO - [2024-02-17T00:02:26.392+0000] {dag.py:3823} INFO - Setting next_dagrun for welcome_dag to 2024-02-16 23:00:00+00:00, run_after=2024-02-17 23:00:00+00:00
[2024-02-17T00:02:26.454+0000] {processor.py:183} INFO - Processing /opt/airflow/dags/welcome_dag.py took 0.160 seconds
[2024-02-17T00:02:57.032+0000] {processor.py:161} INFO - Started process (PID=96) to work on /opt/airflow/dags/welcome_dag.py
[2024-02-17T00:02:57.033+0000] {processor.py:830} INFO - Processing file /opt/airflow/dags/welcome_dag.py for tasks to queue
[2024-02-17T00:02:57.034+0000] {logging_mixin.py:188} INFO - [2024-02-17T00:02:57.034+0000] {dagbag.py:538} INFO - Filling up the DagBag from /opt/airflow/dags/welcome_dag.py
[2024-02-17T00:02:57.059+0000] {processor.py:840} INFO - DAG(s) 'welcome_dag' retrieved from /opt/airflow/dags/welcome_dag.py
[2024-02-17T00:02:57.086+0000] {logging_mixin.py:188} INFO - [2024-02-17T00:02:57.085+0000] {dag.py:3036} INFO - Sync 1 DAGs
[2024-02-17T00:02:57.114+0000] {logging_mixin.py:188} INFO - [2024-02-17T00:02:57.114+0000] {dag.py:3823} INFO - Setting next_dagrun for welcome_dag to 2024-02-16 23:00:00+00:00, run_after=2024-02-17 23:00:00+00:00
[2024-02-17T00:02:57.175+0000] {processor.py:183} INFO - Processing /opt/airflow/dags/welcome_dag.py took 0.145 seconds
[2024-02-17T00:03:27.253+0000] {processor.py:161} INFO - Started process (PID=98) to work on /opt/airflow/dags/welcome_dag.py
[2024-02-17T00:03:27.254+0000] {processor.py:830} INFO - Processing file /opt/airflow/dags/welcome_dag.py for tasks to queue
[2024-02-17T00:03:27.255+0000] {logging_mixin.py:188} INFO - [2024-02-17T00:03:27.255+0000] {dagbag.py:538} INFO - Filling up the DagBag from /opt/airflow/dags/welcome_dag.py
[2024-02-17T00:03:27.281+0000] {processor.py:840} INFO - DAG(s) 'welcome_dag' retrieved from /opt/airflow/dags/welcome_dag.py
[2024-02-17T00:03:27.308+0000] {logging_mixin.py:188} INFO - [2024-02-17T00:03:27.307+0000] {dag.py:3036} INFO - Sync 1 DAGs
[2024-02-17T00:03:27.336+0000] {logging_mixin.py:188} INFO - [2024-02-17T00:03:27.336+0000] {dag.py:3823} INFO - Setting next_dagrun for welcome_dag to 2024-02-16 23:00:00+00:00, run_after=2024-02-17 23:00:00+00:00
[2024-02-17T00:03:27.403+0000] {processor.py:183} INFO - Processing /opt/airflow/dags/welcome_dag.py took 0.151 seconds
[2024-02-17T00:03:57.719+0000] {processor.py:161} INFO - Started process (PID=100) to work on /opt/airflow/dags/welcome_dag.py
[2024-02-17T00:03:57.721+0000] {processor.py:830} INFO - Processing file /opt/airflow/dags/welcome_dag.py for tasks to queue
[2024-02-17T00:03:57.722+0000] {logging_mixin.py:188} INFO - [2024-02-17T00:03:57.721+0000] {dagbag.py:538} INFO - Filling up the DagBag from /opt/airflow/dags/welcome_dag.py
[2024-02-17T00:03:57.748+0000] {processor.py:840} INFO - DAG(s) 'welcome_dag' retrieved from /opt/airflow/dags/welcome_dag.py
[2024-02-17T00:03:57.780+0000] {logging_mixin.py:188} INFO - [2024-02-17T00:03:57.780+0000] {dag.py:3036} INFO - Sync 1 DAGs
[2024-02-17T00:03:57.809+0000] {logging_mixin.py:188} INFO - [2024-02-17T00:03:57.808+0000] {dag.py:3823} INFO - Setting next_dagrun for welcome_dag to 2024-02-16 23:00:00+00:00, run_after=2024-02-17 23:00:00+00:00
[2024-02-17T00:03:57.867+0000] {processor.py:183} INFO - Processing /opt/airflow/dags/welcome_dag.py took 0.150 seconds
[2024-02-17T00:04:28.250+0000] {processor.py:161} INFO - Started process (PID=102) to work on /opt/airflow/dags/welcome_dag.py
[2024-02-17T00:04:28.251+0000] {processor.py:830} INFO - Processing file /opt/airflow/dags/welcome_dag.py for tasks to queue
[2024-02-17T00:04:28.254+0000] {logging_mixin.py:188} INFO - [2024-02-17T00:04:28.253+0000] {dagbag.py:538} INFO - Filling up the DagBag from /opt/airflow/dags/welcome_dag.py
[2024-02-17T00:04:28.321+0000] {processor.py:840} INFO - DAG(s) 'welcome_dag' retrieved from /opt/airflow/dags/welcome_dag.py
[2024-02-17T00:04:28.379+0000] {logging_mixin.py:188} INFO - [2024-02-17T00:04:28.378+0000] {dag.py:3036} INFO - Sync 1 DAGs
[2024-02-17T00:04:28.426+0000] {logging_mixin.py:188} INFO - [2024-02-17T00:04:28.425+0000] {dag.py:3823} INFO - Setting next_dagrun for welcome_dag to 2024-02-16 23:00:00+00:00, run_after=2024-02-17 23:00:00+00:00
[2024-02-17T00:04:28.520+0000] {processor.py:183} INFO - Processing /opt/airflow/dags/welcome_dag.py took 0.275 seconds
[2024-02-17T00:04:59.139+0000] {processor.py:161} INFO - Started process (PID=104) to work on /opt/airflow/dags/welcome_dag.py
[2024-02-17T00:04:59.140+0000] {processor.py:830} INFO - Processing file /opt/airflow/dags/welcome_dag.py for tasks to queue
[2024-02-17T00:04:59.141+0000] {logging_mixin.py:188} INFO - [2024-02-17T00:04:59.141+0000] {dagbag.py:538} INFO - Filling up the DagBag from /opt/airflow/dags/welcome_dag.py
[2024-02-17T00:04:59.172+0000] {processor.py:840} INFO - DAG(s) 'welcome_dag' retrieved from /opt/airflow/dags/welcome_dag.py
[2024-02-17T00:04:59.205+0000] {logging_mixin.py:188} INFO - [2024-02-17T00:04:59.205+0000] {dag.py:3036} INFO - Sync 1 DAGs
[2024-02-17T00:04:59.237+0000] {logging_mixin.py:188} INFO - [2024-02-17T00:04:59.237+0000] {dag.py:3823} INFO - Setting next_dagrun for welcome_dag to 2024-02-16 23:00:00+00:00, run_after=2024-02-17 23:00:00+00:00
[2024-02-17T00:04:59.306+0000] {processor.py:183} INFO - Processing /opt/airflow/dags/welcome_dag.py took 0.169 seconds
[2024-02-17T00:05:30.927+0000] {processor.py:161} INFO - Started process (PID=106) to work on /opt/airflow/dags/welcome_dag.py
[2024-02-17T00:05:30.928+0000] {processor.py:830} INFO - Processing file /opt/airflow/dags/welcome_dag.py for tasks to queue
[2024-02-17T00:05:30.930+0000] {logging_mixin.py:188} INFO - [2024-02-17T00:05:30.929+0000] {dagbag.py:538} INFO - Filling up the DagBag from /opt/airflow/dags/welcome_dag.py
[2024-02-17T00:05:30.965+0000] {processor.py:840} INFO - DAG(s) 'welcome_dag' retrieved from /opt/airflow/dags/welcome_dag.py
[2024-02-17T00:05:30.992+0000] {logging_mixin.py:188} INFO - [2024-02-17T00:05:30.992+0000] {dag.py:3036} INFO - Sync 1 DAGs
[2024-02-17T00:05:31.020+0000] {logging_mixin.py:188} INFO - [2024-02-17T00:05:31.020+0000] {dag.py:3823} INFO - Setting next_dagrun for welcome_dag to 2024-02-16 23:00:00+00:00, run_after=2024-02-17 23:00:00+00:00
[2024-02-17T00:05:31.092+0000] {processor.py:183} INFO - Processing /opt/airflow/dags/welcome_dag.py took 0.168 seconds
[2024-02-17T00:06:01.711+0000] {processor.py:161} INFO - Started process (PID=108) to work on /opt/airflow/dags/welcome_dag.py
[2024-02-17T00:06:01.712+0000] {processor.py:830} INFO - Processing file /opt/airflow/dags/welcome_dag.py for tasks to queue
[2024-02-17T00:06:01.713+0000] {logging_mixin.py:188} INFO - [2024-02-17T00:06:01.713+0000] {dagbag.py:538} INFO - Filling up the DagBag from /opt/airflow/dags/welcome_dag.py
[2024-02-17T00:06:01.739+0000] {processor.py:840} INFO - DAG(s) 'welcome_dag' retrieved from /opt/airflow/dags/welcome_dag.py
[2024-02-17T00:06:01.769+0000] {logging_mixin.py:188} INFO - [2024-02-17T00:06:01.769+0000] {dag.py:3036} INFO - Sync 1 DAGs
[2024-02-17T00:06:01.798+0000] {logging_mixin.py:188} INFO - [2024-02-17T00:06:01.798+0000] {dag.py:3823} INFO - Setting next_dagrun for welcome_dag to 2024-02-16 23:00:00+00:00, run_after=2024-02-17 23:00:00+00:00
[2024-02-17T00:06:01.876+0000] {processor.py:183} INFO - Processing /opt/airflow/dags/welcome_dag.py took 0.167 seconds
[2024-02-17T00:14:32.693+0000] {processor.py:161} INFO - Started process (PID=58) to work on /opt/airflow/dags/welcome_dag.py
[2024-02-17T00:14:32.699+0000] {processor.py:830} INFO - Processing file /opt/airflow/dags/welcome_dag.py for tasks to queue
[2024-02-17T00:14:32.705+0000] {logging_mixin.py:188} INFO - [2024-02-17T00:14:32.704+0000] {dagbag.py:538} INFO - Filling up the DagBag from /opt/airflow/dags/welcome_dag.py
[2024-02-17T00:14:32.890+0000] {processor.py:840} INFO - DAG(s) 'welcome_dag' retrieved from /opt/airflow/dags/welcome_dag.py
[2024-02-17T00:14:33.094+0000] {logging_mixin.py:188} INFO - [2024-02-17T00:14:33.093+0000] {dag.py:3036} INFO - Sync 1 DAGs
[2024-02-17T00:14:33.339+0000] {logging_mixin.py:188} INFO - [2024-02-17T00:14:33.330+0000] {dag.py:3823} INFO - Setting next_dagrun for welcome_dag to 2024-02-16 23:00:00+00:00, run_after=2024-02-17 23:00:00+00:00
[2024-02-17T00:14:33.530+0000] {processor.py:183} INFO - Processing /opt/airflow/dags/welcome_dag.py took 0.843 seconds
[2024-02-17T00:15:04.119+0000] {processor.py:161} INFO - Started process (PID=68) to work on /opt/airflow/dags/welcome_dag.py
[2024-02-17T00:15:04.120+0000] {processor.py:830} INFO - Processing file /opt/airflow/dags/welcome_dag.py for tasks to queue
[2024-02-17T00:15:04.121+0000] {logging_mixin.py:188} INFO - [2024-02-17T00:15:04.121+0000] {dagbag.py:538} INFO - Filling up the DagBag from /opt/airflow/dags/welcome_dag.py
[2024-02-17T00:15:04.150+0000] {processor.py:840} INFO - DAG(s) 'welcome_dag' retrieved from /opt/airflow/dags/welcome_dag.py
[2024-02-17T00:15:04.267+0000] {logging_mixin.py:188} INFO - [2024-02-17T00:15:04.267+0000] {dag.py:3036} INFO - Sync 1 DAGs
[2024-02-17T00:15:04.291+0000] {logging_mixin.py:188} INFO - [2024-02-17T00:15:04.291+0000] {dag.py:3823} INFO - Setting next_dagrun for welcome_dag to 2024-02-16 23:00:00+00:00, run_after=2024-02-17 23:00:00+00:00
[2024-02-17T00:15:04.353+0000] {processor.py:183} INFO - Processing /opt/airflow/dags/welcome_dag.py took 0.236 seconds
